08-May-2017 15:09:54.971 INFO [main] org.apache.catalina.startup.VersionLoggerListener.log Server version:        Apache Tomcat/8.5.14
08-May-2017 15:09:55.040 INFO [main] org.apache.catalina.startup.VersionLoggerListener.log Server built:          Apr 13 2017 12:55:45 UTC
08-May-2017 15:09:55.043 INFO [main] org.apache.catalina.startup.VersionLoggerListener.log Server number:         8.5.14.0
08-May-2017 15:09:55.043 INFO [main] org.apache.catalina.startup.VersionLoggerListener.log OS Name:               Windows 10
08-May-2017 15:09:55.043 INFO [main] org.apache.catalina.startup.VersionLoggerListener.log OS Version:            10.0
08-May-2017 15:09:55.043 INFO [main] org.apache.catalina.startup.VersionLoggerListener.log Architecture:          amd64
08-May-2017 15:09:55.043 INFO [main] org.apache.catalina.startup.VersionLoggerListener.log Java Home:             C:\Program Files\Java\jdk1.8.0_111\jre
08-May-2017 15:09:55.043 INFO [main] org.apache.catalina.startup.VersionLoggerListener.log JVM Version:           1.8.0_111-b14
08-May-2017 15:09:55.044 INFO [main] org.apache.catalina.startup.VersionLoggerListener.log JVM Vendor:            Oracle Corporation
08-May-2017 15:09:55.044 INFO [main] org.apache.catalina.startup.VersionLoggerListener.log CATALINA_BASE:         C:\Users\kimco\git\apache-tomcat-8.5.14
08-May-2017 15:09:55.044 INFO [main] org.apache.catalina.startup.VersionLoggerListener.log CATALINA_HOME:         C:\Users\kimco\git\apache-tomcat-8.5.14
08-May-2017 15:09:55.045 INFO [main] org.apache.catalina.startup.VersionLoggerListener.log Command line argument: -Djava.util.logging.config.file=C:\Users\kimco\git\apache-tomcat-8.5.14\conf\logging.properties
08-May-2017 15:09:55.045 INFO [main] org.apache.catalina.startup.VersionLoggerListener.log Command line argument: -Djava.util.logging.manager=org.apache.juli.ClassLoaderLogManager
08-May-2017 15:09:55.045 INFO [main] org.apache.catalina.startup.VersionLoggerListener.log Command line argument: -Djdk.tls.ephemeralDHKeySize=2048
08-May-2017 15:09:55.046 INFO [main] org.apache.catalina.startup.VersionLoggerListener.log Command line argument: -Djava.protocol.handler.pkgs=org.apache.catalina.webresources
08-May-2017 15:09:55.046 INFO [main] org.apache.catalina.startup.VersionLoggerListener.log Command line argument: -Dcatalina.base=C:\Users\kimco\git\apache-tomcat-8.5.14
08-May-2017 15:09:55.046 INFO [main] org.apache.catalina.startup.VersionLoggerListener.log Command line argument: -Dcatalina.home=C:\Users\kimco\git\apache-tomcat-8.5.14
08-May-2017 15:09:55.048 INFO [main] org.apache.catalina.startup.VersionLoggerListener.log Command line argument: -Djava.io.tmpdir=C:\Users\kimco\git\apache-tomcat-8.5.14\temp
08-May-2017 15:09:55.049 INFO [main] org.apache.catalina.core.AprLifecycleListener.lifecycleEvent The APR based Apache Tomcat Native library which allows optimal performance in production environments was not found on the java.library.path: C:\Program Files\Java\jdk1.8.0_111\bin;C:\WINDOWS\Sun\Java\bin;C:\WINDOWS\system32;C:\WINDOWS;C:\Users\kimco\AppData\Local\GitHub\PortableGit_f02737a78695063deace08e96d5042710d3e32db\cmd;C:\Users\kimco\AppData\Local\GitHub\PortableGit_f02737a78695063deace08e96d5042710d3e32db\usr\bin;C:\Users\kimco\AppData\Local\GitHub\PortableGit_f02737a78695063deace08e96d5042710d3e32db\usr\share\git-tfs;C:\Users\kimco\AppData\Local\Apps\2.0\E2YTE3DE.NT7\3758QCJ4.EHR\gith..tion_317444273a93ac29_0003.0003_5794af8169eeff14;C:\Users\kimco\AppData\Local\GitHub\lfs-amd64_1.5.5;C:\ProgramData\Oracle\Java\javapath;C:\Program Files (x86)\Intel\iCLS Client\;C:\Program Files\Intel\iCLS Client\;C:\WINDOWS\system32;C:\WINDOWS;C:\WINDOWS\System32\Wbem;C:\WINDOWS\System32\WindowsPowerShell\v1.0\;C:\Program Files (x86)\Intel\Intel(R) Management Engine Components\DAL;C:\Program Files\Intel\Intel(R) Management Engine Components\DAL;C:\Program Files (x86)\Intel\Intel(R) Management Engine Components\IPT;C:\Program Files\Intel\Intel(R) Management Engine Components\IPT;C:\Program Files\Microsoft SQL Server\130\DTS\Binn\;C:\Program Files\Microsoft SQL Server\Client SDK\ODBC\110\Tools\Binn\;C:\Program Files (x86)\Microsoft SQL Server\130\Tools\Binn\;C:\Program Files\Microsoft SQL Server\130\Tools\Binn\;C:\Program Files (x86)\Microsoft SQL Server\130\Tools\Binn\ManagementStudio\;C:\Program Files (x86)\Microsoft SQL Server\130\DTS\Binn\;C:\WINDOWS\system32\config\systemprofile\.dnx\bin;C:\Program Files\Microsoft DNX\Dnvm\;C:\Program Files\doxygen\bin;C:\Program Files (x86)\Skype\Phone\;C:\Users\kimco\AppData\Local\Microsoft\WindowsApps;C:\Program Files\Java\jdk1.8.0_111\bin;C:\Users\kimco\git\apache-maven-3.5.0\bin;C:\Program Files (x86)\MSBuild\14.0\bin\;C:\Program Files (x86)\Microsoft SDKs\Windows\v8.1A\bin\NETFX 4.5.1 Tools\x64;.
08-May-2017 15:10:00.984 INFO [main] org.apache.coyote.AbstractProtocol.init Initializing ProtocolHandler ["http-nio-8080"]
08-May-2017 15:10:01.563 INFO [main] org.apache.tomcat.util.net.NioSelectorPool.getSharedSelector Using a shared selector for servlet write/read
08-May-2017 15:10:01.581 INFO [main] org.apache.coyote.AbstractProtocol.init Initializing ProtocolHandler ["ajp-nio-8009"]
08-May-2017 15:10:01.583 INFO [main] org.apache.tomcat.util.net.NioSelectorPool.getSharedSelector Using a shared selector for servlet write/read
08-May-2017 15:10:01.584 INFO [main] org.apache.catalina.startup.Catalina.load Initialization processed in 7829 ms
08-May-2017 15:10:01.673 INFO [main] org.apache.catalina.core.StandardService.startInternal Starting service Catalina
08-May-2017 15:10:01.674 INFO [main] org.apache.catalina.core.StandardEngine.startInternal Starting Servlet Engine: Apache Tomcat/8.5.14
08-May-2017 15:10:01.729 INFO [localhost-startStop-1] org.apache.catalina.startup.HostConfig.deployDirectory Deploying web application directory C:\Users\kimco\git\apache-tomcat-8.5.14\webapps\manager
08-May-2017 15:10:02.798 INFO [localhost-startStop-1] org.apache.catalina.startup.HostConfig.deployDirectory Deployment of web application directory C:\Users\kimco\git\apache-tomcat-8.5.14\webapps\manager has finished in 1,068 ms
08-May-2017 15:10:02.798 INFO [localhost-startStop-1] org.apache.catalina.startup.HostConfig.deployDirectory Deploying web application directory C:\Users\kimco\git\apache-tomcat-8.5.14\webapps\ROOT
08-May-2017 15:10:02.857 INFO [localhost-startStop-1] org.apache.catalina.startup.HostConfig.deployDirectory Deployment of web application directory C:\Users\kimco\git\apache-tomcat-8.5.14\webapps\ROOT has finished in 59 ms
08-May-2017 15:10:02.868 INFO [main] org.apache.coyote.AbstractProtocol.start Starting ProtocolHandler ["http-nio-8080"]
08-May-2017 15:10:02.877 INFO [main] org.apache.coyote.AbstractProtocol.start Starting ProtocolHandler ["ajp-nio-8009"]
08-May-2017 15:10:02.880 INFO [main] org.apache.catalina.startup.Catalina.start Server startup in 1296 ms
08-May-2017 15:32:32.588 INFO [http-nio-8080-exec-9] org.apache.catalina.startup.HostConfig.deployWAR Deploying web application archive C:\Users\kimco\git\apache-tomcat-8.5.14\webapps\ImagePreprocessing.war
08-May-2017 15:32:35.185 INFO [http-nio-8080-exec-9] org.apache.jasper.servlet.TldScanner.scanJars At least one JAR was scanned for TLDs yet contained no TLDs. Enable debug logging for this logger for a complete list of JARs that were scanned but no TLDs were found in them. Skipping unneeded JARs during scanning can improve startup time and JSP compilation time.
08-May-2017 15:32:35.255 INFO [http-nio-8080-exec-9] com.sun.jersey.api.core.PackagesResourceConfig.init Scanning for root resource and provider classes in the packages:
  rest
08-May-2017 15:32:35.307 INFO [http-nio-8080-exec-9] com.sun.jersey.api.core.ScanningResourceConfig.logClasses Root resource classes found:
  class rest.ImageIO
08-May-2017 15:32:35.307 INFO [http-nio-8080-exec-9] com.sun.jersey.api.core.ScanningResourceConfig.init No provider classes found.
08-May-2017 15:32:35.535 INFO [http-nio-8080-exec-9] com.sun.jersey.server.impl.application.WebApplicationImpl._initiate Initiating Jersey application, version 'Jersey: 1.8 06/24/2011 12:17 PM'
08-May-2017 15:32:37.967 INFO [http-nio-8080-exec-9] org.apache.catalina.startup.HostConfig.deployWAR Deployment of web application archive C:\Users\kimco\git\apache-tomcat-8.5.14\webapps\ImagePreprocessing.war has finished in 5,379 ms
08-May-2017 15:33:21.975 SEVERE [http-nio-8080-exec-5] com.sun.jersey.spi.container.ContainerResponse.mapMappableContainerException The RuntimeException could not be mapped to a response, re-throwing to the HTTP container
 java.lang.UnsupportedOperationException: Mat data type is not compatible: 22
	at org.opencv.core.Mat.get(Mat.java:1015)
	at rest.FiltroGeneralizado.mat2BufferedImage(FiltroGeneralizado.java:56)
	at rest.ImageIO.processImage(ImageIO.java:86)
	at sun.reflect.NativeMethodAccessorImpl.invoke0(Native Method)
	at sun.reflect.NativeMethodAccessorImpl.invoke(NativeMethodAccessorImpl.java:62)
	at sun.reflect.DelegatingMethodAccessorImpl.invoke(DelegatingMethodAccessorImpl.java:43)
	at java.lang.reflect.Method.invoke(Method.java:498)
	at com.sun.jersey.spi.container.JavaMethodInvokerFactory$1.invoke(JavaMethodInvokerFactory.java:60)
	at com.sun.jersey.server.impl.model.method.dispatch.AbstractResourceMethodDispatchProvider$ResponseOutInvoker._dispatch(AbstractResourceMethodDispatchProvider.java:205)
	at com.sun.jersey.server.impl.model.method.dispatch.ResourceJavaMethodDispatcher.dispatch(ResourceJavaMethodDispatcher.java:75)
	at com.sun.jersey.server.impl.uri.rules.HttpMethodRule.accept(HttpMethodRule.java:288)
	at com.sun.jersey.server.impl.uri.rules.RightHandPathRule.accept(RightHandPathRule.java:147)
	at com.sun.jersey.server.impl.uri.rules.ResourceClassRule.accept(ResourceClassRule.java:108)
	at com.sun.jersey.server.impl.uri.rules.RightHandPathRule.accept(RightHandPathRule.java:147)
	at com.sun.jersey.server.impl.uri.rules.RootResourceClassesRule.accept(RootResourceClassesRule.java:84)
	at com.sun.jersey.server.impl.application.WebApplicationImpl._handleRequest(WebApplicationImpl.java:1469)
	at com.sun.jersey.server.impl.application.WebApplicationImpl._handleRequest(WebApplicationImpl.java:1400)
	at com.sun.jersey.server.impl.application.WebApplicationImpl.handleRequest(WebApplicationImpl.java:1349)
	at com.sun.jersey.server.impl.application.WebApplicationImpl.handleRequest(WebApplicationImpl.java:1339)
	at com.sun.jersey.spi.container.servlet.WebComponent.service(WebComponent.java:416)
	at com.sun.jersey.spi.container.servlet.ServletContainer.service(ServletContainer.java:537)
	at com.sun.jersey.spi.container.servlet.ServletContainer.service(ServletContainer.java:699)
	at javax.servlet.http.HttpServlet.service(HttpServlet.java:742)
	at org.apache.catalina.core.ApplicationFilterChain.internalDoFilter(ApplicationFilterChain.java:231)
	at org.apache.catalina.core.ApplicationFilterChain.doFilter(ApplicationFilterChain.java:166)
	at org.apache.tomcat.websocket.server.WsFilter.doFilter(WsFilter.java:52)
	at org.apache.catalina.core.ApplicationFilterChain.internalDoFilter(ApplicationFilterChain.java:193)
	at org.apache.catalina.core.ApplicationFilterChain.doFilter(ApplicationFilterChain.java:166)
	at org.apache.catalina.core.StandardWrapperValve.invoke(StandardWrapperValve.java:198)
	at org.apache.catalina.core.StandardContextValve.invoke(StandardContextValve.java:96)
	at org.apache.catalina.authenticator.AuthenticatorBase.invoke(AuthenticatorBase.java:478)
	at org.apache.catalina.core.StandardHostValve.invoke(StandardHostValve.java:140)
	at org.apache.catalina.valves.ErrorReportValve.invoke(ErrorReportValve.java:80)
	at org.apache.catalina.valves.AbstractAccessLogValve.invoke(AbstractAccessLogValve.java:624)
	at org.apache.catalina.core.StandardEngineValve.invoke(StandardEngineValve.java:87)
	at org.apache.catalina.connector.CoyoteAdapter.service(CoyoteAdapter.java:342)
	at org.apache.coyote.http11.Http11Processor.service(Http11Processor.java:799)
	at org.apache.coyote.AbstractProcessorLight.process(AbstractProcessorLight.java:66)
	at org.apache.coyote.AbstractProtocol$ConnectionHandler.process(AbstractProtocol.java:861)
	at org.apache.tomcat.util.net.NioEndpoint$SocketProcessor.doRun(NioEndpoint.java:1455)
	at org.apache.tomcat.util.net.SocketProcessorBase.run(SocketProcessorBase.java:49)
	at java.util.concurrent.ThreadPoolExecutor.runWorker(ThreadPoolExecutor.java:1142)
	at java.util.concurrent.ThreadPoolExecutor$Worker.run(ThreadPoolExecutor.java:617)
	at org.apache.tomcat.util.threads.TaskThread$WrappingRunnable.run(TaskThread.java:61)
	at java.lang.Thread.run(Thread.java:745)

08-May-2017 17:35:08.406 WARNING [http-nio-8080-exec-9] org.apache.catalina.loader.WebappClassLoaderBase.clearReferencesThreads The web application [ImagePreprocessing] appears to have started a thread named [AWT-EventQueue-0] but has failed to stop it. This is very likely to create a memory leak. Stack trace of thread:
 sun.misc.Unsafe.park(Native Method)
 java.util.concurrent.locks.LockSupport.park(LockSupport.java:175)
 java.util.concurrent.locks.AbstractQueuedSynchronizer$ConditionObject.await(AbstractQueuedSynchronizer.java:2039)
 java.awt.EventQueue.getNextEvent(EventQueue.java:554)
 java.awt.EventDispatchThread.pumpOneEventForFilters(EventDispatchThread.java:170)
 java.awt.EventDispatchThread.pumpEventsForFilter(EventDispatchThread.java:116)
 java.awt.EventDispatchThread.pumpEventsForHierarchy(EventDispatchThread.java:105)
 java.awt.EventDispatchThread.pumpEvents(EventDispatchThread.java:101)
 java.awt.EventDispatchThread.pumpEvents(EventDispatchThread.java:93)
 java.awt.EventDispatchThread.run(EventDispatchThread.java:82)
08-May-2017 17:35:13.007 INFO [ContainerBackgroundProcessor[StandardEngine[Catalina]]] org.apache.catalina.startup.HostConfig.undeploy Undeploying context [/ImagePreprocessing]
08-May-2017 17:35:13.016 SEVERE [ContainerBackgroundProcessor[StandardEngine[Catalina]]] org.apache.catalina.startup.ExpandWar.deleteDir [C:\Users\kimco\git\apache-tomcat-8.5.14\webapps\ImagePreprocessing\WEB-INF\lib] could not be completely deleted. The presence of the remaining files may cause problems
08-May-2017 17:35:13.018 SEVERE [ContainerBackgroundProcessor[StandardEngine[Catalina]]] org.apache.catalina.startup.ExpandWar.deleteDir [C:\Users\kimco\git\apache-tomcat-8.5.14\webapps\ImagePreprocessing\WEB-INF] could not be completely deleted. The presence of the remaining files may cause problems
08-May-2017 17:35:13.019 SEVERE [ContainerBackgroundProcessor[StandardEngine[Catalina]]] org.apache.catalina.startup.ExpandWar.deleteDir [C:\Users\kimco\git\apache-tomcat-8.5.14\webapps\ImagePreprocessing] could not be completely deleted. The presence of the remaining files may cause problems
08-May-2017 17:35:13.019 SEVERE [ContainerBackgroundProcessor[StandardEngine[Catalina]]] org.apache.catalina.startup.ExpandWar.delete [C:\Users\kimco\git\apache-tomcat-8.5.14\webapps\ImagePreprocessing] could not be completely deleted. The presence of the remaining files may cause problems
08-May-2017 17:35:13.025 INFO [localhost-startStop-2] org.apache.catalina.startup.HostConfig.deployDirectory Deploying web application directory C:\Users\kimco\git\apache-tomcat-8.5.14\webapps\ImagePreprocessing
08-May-2017 17:35:13.140 INFO [localhost-startStop-2] org.apache.jasper.servlet.TldScanner.scanJars At least one JAR was scanned for TLDs yet contained no TLDs. Enable debug logging for this logger for a complete list of JARs that were scanned but no TLDs were found in them. Skipping unneeded JARs during scanning can improve startup time and JSP compilation time.
08-May-2017 17:35:13.149 INFO [localhost-startStop-2] org.apache.catalina.startup.HostConfig.deployDirectory Deployment of web application directory C:\Users\kimco\git\apache-tomcat-8.5.14\webapps\ImagePreprocessing has finished in 124 ms
08-May-2017 17:35:15.737 INFO [http-nio-8080-exec-3] org.apache.catalina.startup.HostConfig.undeploy Undeploying context [/ImagePreprocessing]
08-May-2017 17:35:15.754 SEVERE [http-nio-8080-exec-3] org.apache.catalina.startup.ExpandWar.deleteDir [C:\Users\kimco\git\apache-tomcat-8.5.14\webapps\ImagePreprocessing\WEB-INF\lib] could not be completely deleted. The presence of the remaining files may cause problems
08-May-2017 17:35:15.755 SEVERE [http-nio-8080-exec-3] org.apache.catalina.startup.ExpandWar.deleteDir [C:\Users\kimco\git\apache-tomcat-8.5.14\webapps\ImagePreprocessing\WEB-INF] could not be completely deleted. The presence of the remaining files may cause problems
08-May-2017 17:35:15.757 SEVERE [http-nio-8080-exec-3] org.apache.catalina.startup.ExpandWar.deleteDir [C:\Users\kimco\git\apache-tomcat-8.5.14\webapps\ImagePreprocessing] could not be completely deleted. The presence of the remaining files may cause problems
08-May-2017 17:35:15.757 SEVERE [http-nio-8080-exec-3] org.apache.catalina.startup.ExpandWar.delete [C:\Users\kimco\git\apache-tomcat-8.5.14\webapps\ImagePreprocessing] could not be completely deleted. The presence of the remaining files may cause problems
08-May-2017 17:35:15.763 INFO [http-nio-8080-exec-3] org.apache.catalina.startup.HostConfig.deployWAR Deploying web application archive C:\Users\kimco\git\apache-tomcat-8.5.14\webapps\ImagePreprocessing.war
08-May-2017 17:35:15.882 INFO [http-nio-8080-exec-3] org.apache.jasper.servlet.TldScanner.scanJars At least one JAR was scanned for TLDs yet contained no TLDs. Enable debug logging for this logger for a complete list of JARs that were scanned but no TLDs were found in them. Skipping unneeded JARs during scanning can improve startup time and JSP compilation time.
08-May-2017 17:35:15.891 INFO [http-nio-8080-exec-3] org.apache.catalina.startup.HostConfig.deployWAR Deployment of web application archive C:\Users\kimco\git\apache-tomcat-8.5.14\webapps\ImagePreprocessing.war has finished in 129 ms
