10-May-2017 00:28:18.460 INFO [main] org.apache.catalina.startup.VersionLoggerListener.log Server version:        Apache Tomcat/8.5.14
10-May-2017 00:28:18.476 INFO [main] org.apache.catalina.startup.VersionLoggerListener.log Server built:          Apr 13 2017 12:55:45 UTC
10-May-2017 00:28:18.477 INFO [main] org.apache.catalina.startup.VersionLoggerListener.log Server number:         8.5.14.0
10-May-2017 00:28:18.477 INFO [main] org.apache.catalina.startup.VersionLoggerListener.log OS Name:               Windows 10
10-May-2017 00:28:18.478 INFO [main] org.apache.catalina.startup.VersionLoggerListener.log OS Version:            10.0
10-May-2017 00:28:18.478 INFO [main] org.apache.catalina.startup.VersionLoggerListener.log Architecture:          amd64
10-May-2017 00:28:18.478 INFO [main] org.apache.catalina.startup.VersionLoggerListener.log Java Home:             C:\Program Files\Java\jdk1.8.0_111\jre
10-May-2017 00:28:18.478 INFO [main] org.apache.catalina.startup.VersionLoggerListener.log JVM Version:           1.8.0_111-b14
10-May-2017 00:28:18.478 INFO [main] org.apache.catalina.startup.VersionLoggerListener.log JVM Vendor:            Oracle Corporation
10-May-2017 00:28:18.478 INFO [main] org.apache.catalina.startup.VersionLoggerListener.log CATALINA_BASE:         C:\Users\kimco\git\apache-tomcat-8.5.14
10-May-2017 00:28:18.478 INFO [main] org.apache.catalina.startup.VersionLoggerListener.log CATALINA_HOME:         C:\Users\kimco\git\apache-tomcat-8.5.14
10-May-2017 00:28:18.479 INFO [main] org.apache.catalina.startup.VersionLoggerListener.log Command line argument: -Djava.util.logging.config.file=C:\Users\kimco\git\apache-tomcat-8.5.14\conf\logging.properties
10-May-2017 00:28:18.480 INFO [main] org.apache.catalina.startup.VersionLoggerListener.log Command line argument: -Djava.util.logging.manager=org.apache.juli.ClassLoaderLogManager
10-May-2017 00:28:18.480 INFO [main] org.apache.catalina.startup.VersionLoggerListener.log Command line argument: -Djdk.tls.ephemeralDHKeySize=2048
10-May-2017 00:28:18.480 INFO [main] org.apache.catalina.startup.VersionLoggerListener.log Command line argument: -Djava.protocol.handler.pkgs=org.apache.catalina.webresources
10-May-2017 00:28:18.480 INFO [main] org.apache.catalina.startup.VersionLoggerListener.log Command line argument: -Dcatalina.base=C:\Users\kimco\git\apache-tomcat-8.5.14
10-May-2017 00:28:18.481 INFO [main] org.apache.catalina.startup.VersionLoggerListener.log Command line argument: -Dcatalina.home=C:\Users\kimco\git\apache-tomcat-8.5.14
10-May-2017 00:28:18.482 INFO [main] org.apache.catalina.startup.VersionLoggerListener.log Command line argument: -Djava.io.tmpdir=C:\Users\kimco\git\apache-tomcat-8.5.14\temp
10-May-2017 00:28:18.483 INFO [main] org.apache.catalina.core.AprLifecycleListener.lifecycleEvent The APR based Apache Tomcat Native library which allows optimal performance in production environments was not found on the java.library.path: C:\Program Files\Java\jdk1.8.0_111\bin;C:\WINDOWS\Sun\Java\bin;C:\WINDOWS\system32;C:\WINDOWS;C:\Users\kimco\AppData\Local\GitHub\PortableGit_f02737a78695063deace08e96d5042710d3e32db\cmd;C:\Users\kimco\AppData\Local\GitHub\PortableGit_f02737a78695063deace08e96d5042710d3e32db\usr\bin;C:\Users\kimco\AppData\Local\GitHub\PortableGit_f02737a78695063deace08e96d5042710d3e32db\usr\share\git-tfs;C:\Users\kimco\AppData\Local\Apps\2.0\E2YTE3DE.NT7\3758QCJ4.EHR\gith..tion_317444273a93ac29_0003.0003_5794af8169eeff14;C:\Users\kimco\AppData\Local\GitHub\lfs-amd64_1.5.5;C:\ProgramData\Oracle\Java\javapath;C:\Program Files (x86)\Intel\iCLS Client\;C:\Program Files\Intel\iCLS Client\;C:\WINDOWS\system32;C:\WINDOWS;C:\WINDOWS\System32\Wbem;C:\WINDOWS\System32\WindowsPowerShell\v1.0\;C:\Program Files (x86)\Intel\Intel(R) Management Engine Components\DAL;C:\Program Files\Intel\Intel(R) Management Engine Components\DAL;C:\Program Files (x86)\Intel\Intel(R) Management Engine Components\IPT;C:\Program Files\Intel\Intel(R) Management Engine Components\IPT;C:\Program Files\Microsoft SQL Server\130\DTS\Binn\;C:\Program Files\Microsoft SQL Server\Client SDK\ODBC\110\Tools\Binn\;C:\Program Files (x86)\Microsoft SQL Server\130\Tools\Binn\;C:\Program Files\Microsoft SQL Server\130\Tools\Binn\;C:\Program Files (x86)\Microsoft SQL Server\130\Tools\Binn\ManagementStudio\;C:\Program Files (x86)\Microsoft SQL Server\130\DTS\Binn\;C:\WINDOWS\system32\config\systemprofile\.dnx\bin;C:\Program Files\Microsoft DNX\Dnvm\;C:\Program Files\doxygen\bin;C:\Program Files (x86)\Skype\Phone\;C:\Users\kimco\AppData\Local\Microsoft\WindowsApps;C:\Program Files\Java\jdk1.8.0_111\bin;C:\Users\kimco\git\apache-maven-3.5.0\bin;C:\Program Files (x86)\MSBuild\14.0\bin\;C:\Program Files (x86)\Microsoft SDKs\Windows\v8.1A\bin\NETFX 4.5.1 Tools\x64;.
10-May-2017 00:28:22.517 INFO [main] org.apache.coyote.AbstractProtocol.init Initializing ProtocolHandler ["http-nio-8080"]
10-May-2017 00:28:23.207 INFO [main] org.apache.tomcat.util.net.NioSelectorPool.getSharedSelector Using a shared selector for servlet write/read
10-May-2017 00:28:23.225 INFO [main] org.apache.coyote.AbstractProtocol.init Initializing ProtocolHandler ["ajp-nio-8009"]
10-May-2017 00:28:23.229 INFO [main] org.apache.tomcat.util.net.NioSelectorPool.getSharedSelector Using a shared selector for servlet write/read
10-May-2017 00:28:23.230 INFO [main] org.apache.catalina.startup.Catalina.load Initialization processed in 6320 ms
10-May-2017 00:28:23.363 INFO [main] org.apache.catalina.core.StandardService.startInternal Starting service Catalina
10-May-2017 00:28:23.364 INFO [main] org.apache.catalina.core.StandardEngine.startInternal Starting Servlet Engine: Apache Tomcat/8.5.14
10-May-2017 00:28:23.498 INFO [localhost-startStop-1] org.apache.catalina.startup.HostConfig.deployWAR Deploying web application archive C:\Users\kimco\git\apache-tomcat-8.5.14\webapps\ImagePreprocessing.war
10-May-2017 00:28:26.195 INFO [localhost-startStop-1] org.apache.jasper.servlet.TldScanner.scanJars At least one JAR was scanned for TLDs yet contained no TLDs. Enable debug logging for this logger for a complete list of JARs that were scanned but no TLDs were found in them. Skipping unneeded JARs during scanning can improve startup time and JSP compilation time.
10-May-2017 00:28:26.353 INFO [localhost-startStop-1] com.sun.jersey.api.core.PackagesResourceConfig.init Scanning for root resource and provider classes in the packages:
  rest
10-May-2017 00:28:26.481 INFO [localhost-startStop-1] com.sun.jersey.api.core.ScanningResourceConfig.logClasses Root resource classes found:
  class rest.ImageIO
10-May-2017 00:28:26.481 INFO [localhost-startStop-1] com.sun.jersey.api.core.ScanningResourceConfig.init No provider classes found.
10-May-2017 00:28:26.741 INFO [localhost-startStop-1] com.sun.jersey.server.impl.application.WebApplicationImpl._initiate Initiating Jersey application, version 'Jersey: 1.8 06/24/2011 12:17 PM'
10-May-2017 00:28:28.252 INFO [localhost-startStop-1] org.apache.catalina.startup.HostConfig.deployWAR Deployment of web application archive C:\Users\kimco\git\apache-tomcat-8.5.14\webapps\ImagePreprocessing.war has finished in 4,753 ms
10-May-2017 00:28:28.254 INFO [localhost-startStop-1] org.apache.catalina.startup.HostConfig.deployDirectory Deploying web application directory C:\Users\kimco\git\apache-tomcat-8.5.14\webapps\manager
10-May-2017 00:28:28.410 INFO [localhost-startStop-1] org.apache.catalina.startup.HostConfig.deployDirectory Deployment of web application directory C:\Users\kimco\git\apache-tomcat-8.5.14\webapps\manager has finished in 156 ms
10-May-2017 00:28:28.411 INFO [localhost-startStop-1] org.apache.catalina.startup.HostConfig.deployDirectory Deploying web application directory C:\Users\kimco\git\apache-tomcat-8.5.14\webapps\ROOT
10-May-2017 00:28:28.470 INFO [localhost-startStop-1] org.apache.catalina.startup.HostConfig.deployDirectory Deployment of web application directory C:\Users\kimco\git\apache-tomcat-8.5.14\webapps\ROOT has finished in 59 ms
10-May-2017 00:28:28.476 INFO [main] org.apache.coyote.AbstractProtocol.start Starting ProtocolHandler ["http-nio-8080"]
10-May-2017 00:28:28.486 INFO [main] org.apache.coyote.AbstractProtocol.start Starting ProtocolHandler ["ajp-nio-8009"]
10-May-2017 00:28:28.490 INFO [main] org.apache.catalina.startup.Catalina.start Server startup in 5259 ms
10-May-2017 00:28:50.395 INFO [http-nio-8080-exec-7] org.apache.catalina.startup.HostConfig.undeploy Undeploying context [/ImagePreprocessing]
10-May-2017 00:29:08.644 INFO [http-nio-8080-exec-4] org.apache.catalina.startup.HostConfig.deployWAR Deploying web application archive C:\Users\kimco\git\apache-tomcat-8.5.14\webapps\ImagePreprocessing.war
10-May-2017 00:29:09.652 INFO [http-nio-8080-exec-4] com.sun.jersey.api.core.PackagesResourceConfig.init Scanning for root resource and provider classes in the packages:
  rest
10-May-2017 00:29:09.706 INFO [http-nio-8080-exec-4] com.sun.jersey.api.core.ScanningResourceConfig.logClasses Root resource classes found:
  class rest.ImageIO
10-May-2017 00:29:09.706 INFO [http-nio-8080-exec-4] com.sun.jersey.api.core.ScanningResourceConfig.init No provider classes found.
10-May-2017 00:29:09.906 INFO [http-nio-8080-exec-4] com.sun.jersey.server.impl.application.WebApplicationImpl._initiate Initiating Jersey application, version 'Jersey: 1.8 06/24/2011 12:17 PM'
10-May-2017 00:29:10.903 INFO [http-nio-8080-exec-4] org.apache.catalina.startup.HostConfig.deployWAR Deployment of web application archive C:\Users\kimco\git\apache-tomcat-8.5.14\webapps\ImagePreprocessing.war has finished in 2,260 ms
10-May-2017 00:30:00.943 INFO [http-nio-8080-exec-11] org.apache.catalina.startup.HostConfig.undeploy Undeploying context [/ImagePreprocessing]
10-May-2017 00:30:08.098 INFO [http-nio-8080-exec-5] org.apache.catalina.startup.HostConfig.deployWAR Deploying web application archive C:\Users\kimco\git\apache-tomcat-8.5.14\webapps\ImagePreprocessing.war
10-May-2017 00:30:09.053 INFO [http-nio-8080-exec-5] com.sun.jersey.api.core.PackagesResourceConfig.init Scanning for root resource and provider classes in the packages:
  rest
10-May-2017 00:30:09.103 INFO [http-nio-8080-exec-5] com.sun.jersey.api.core.ScanningResourceConfig.logClasses Root resource classes found:
  class rest.ImageIO
10-May-2017 00:30:09.103 INFO [http-nio-8080-exec-5] com.sun.jersey.api.core.ScanningResourceConfig.init No provider classes found.
10-May-2017 00:30:09.297 INFO [http-nio-8080-exec-5] com.sun.jersey.server.impl.application.WebApplicationImpl._initiate Initiating Jersey application, version 'Jersey: 1.8 06/24/2011 12:17 PM'
10-May-2017 00:30:10.277 INFO [http-nio-8080-exec-5] org.apache.catalina.startup.HostConfig.deployWAR Deployment of web application archive C:\Users\kimco\git\apache-tomcat-8.5.14\webapps\ImagePreprocessing.war has finished in 2,179 ms
10-May-2017 00:50:25.691 INFO [http-nio-8080-exec-18] org.apache.catalina.util.LifecycleBase.stop The stop() method was called on component [StandardEngine[Catalina].StandardHost[localhost].StandardContext[/ImagePreprocessing]] after stop() had already been called. The second call will be ignored.
10-May-2017 00:50:26.977 INFO [http-nio-8080-exec-20] org.apache.catalina.util.LifecycleBase.stop The stop() method was called on component [StandardEngine[Catalina].StandardHost[localhost].StandardContext[/ImagePreprocessing]] after stop() had already been called. The second call will be ignored.
10-May-2017 00:50:27.864 INFO [http-nio-8080-exec-19] org.apache.catalina.util.LifecycleBase.stop The stop() method was called on component [StandardEngine[Catalina].StandardHost[localhost].StandardContext[/ImagePreprocessing]] after stop() had already been called. The second call will be ignored.
10-May-2017 00:50:28.048 INFO [http-nio-8080-exec-23] org.apache.catalina.util.LifecycleBase.stop The stop() method was called on component [StandardEngine[Catalina].StandardHost[localhost].StandardContext[/ImagePreprocessing]] after stop() had already been called. The second call will be ignored.
10-May-2017 00:50:28.246 INFO [http-nio-8080-exec-16] org.apache.catalina.util.LifecycleBase.stop The stop() method was called on component [StandardEngine[Catalina].StandardHost[localhost].StandardContext[/ImagePreprocessing]] after stop() had already been called. The second call will be ignored.
10-May-2017 00:50:28.418 INFO [http-nio-8080-exec-15] org.apache.catalina.util.LifecycleBase.stop The stop() method was called on component [StandardEngine[Catalina].StandardHost[localhost].StandardContext[/ImagePreprocessing]] after stop() had already been called. The second call will be ignored.
10-May-2017 00:50:28.598 INFO [http-nio-8080-exec-22] org.apache.catalina.util.LifecycleBase.stop The stop() method was called on component [StandardEngine[Catalina].StandardHost[localhost].StandardContext[/ImagePreprocessing]] after stop() had already been called. The second call will be ignored.
10-May-2017 00:50:28.808 INFO [http-nio-8080-exec-24] org.apache.catalina.util.LifecycleBase.stop The stop() method was called on component [StandardEngine[Catalina].StandardHost[localhost].StandardContext[/ImagePreprocessing]] after stop() had already been called. The second call will be ignored.
10-May-2017 00:50:28.992 INFO [http-nio-8080-exec-21] org.apache.catalina.util.LifecycleBase.stop The stop() method was called on component [StandardEngine[Catalina].StandardHost[localhost].StandardContext[/ImagePreprocessing]] after stop() had already been called. The second call will be ignored.
10-May-2017 00:50:29.189 INFO [http-nio-8080-exec-25] org.apache.catalina.util.LifecycleBase.stop The stop() method was called on component [StandardEngine[Catalina].StandardHost[localhost].StandardContext[/ImagePreprocessing]] after stop() had already been called. The second call will be ignored.
10-May-2017 00:50:29.376 INFO [http-nio-8080-exec-26] org.apache.catalina.util.LifecycleBase.stop The stop() method was called on component [StandardEngine[Catalina].StandardHost[localhost].StandardContext[/ImagePreprocessing]] after stop() had already been called. The second call will be ignored.
10-May-2017 00:50:29.540 INFO [http-nio-8080-exec-27] org.apache.catalina.util.LifecycleBase.stop The stop() method was called on component [StandardEngine[Catalina].StandardHost[localhost].StandardContext[/ImagePreprocessing]] after stop() had already been called. The second call will be ignored.
10-May-2017 00:50:29.712 INFO [http-nio-8080-exec-19] org.apache.catalina.util.LifecycleBase.stop The stop() method was called on component [StandardEngine[Catalina].StandardHost[localhost].StandardContext[/ImagePreprocessing]] after stop() had already been called. The second call will be ignored.
10-May-2017 00:50:29.881 INFO [http-nio-8080-exec-28] org.apache.catalina.util.LifecycleBase.stop The stop() method was called on component [StandardEngine[Catalina].StandardHost[localhost].StandardContext[/ImagePreprocessing]] after stop() had already been called. The second call will be ignored.
10-May-2017 00:50:30.053 INFO [http-nio-8080-exec-16] org.apache.catalina.util.LifecycleBase.stop The stop() method was called on component [StandardEngine[Catalina].StandardHost[localhost].StandardContext[/ImagePreprocessing]] after stop() had already been called. The second call will be ignored.
10-May-2017 00:50:30.244 INFO [http-nio-8080-exec-15] org.apache.catalina.util.LifecycleBase.stop The stop() method was called on component [StandardEngine[Catalina].StandardHost[localhost].StandardContext[/ImagePreprocessing]] after stop() had already been called. The second call will be ignored.
10-May-2017 00:50:32.034 INFO [ContainerBackgroundProcessor[StandardEngine[Catalina]]] org.apache.catalina.startup.HostConfig.undeploy Undeploying context [/ImagePreprocessing]
10-May-2017 00:50:32.043 SEVERE [ContainerBackgroundProcessor[StandardEngine[Catalina]]] org.apache.catalina.startup.ExpandWar.deleteDir [C:\Users\kimco\git\apache-tomcat-8.5.14\webapps\ImagePreprocessing\WEB-INF\lib] could not be completely deleted. The presence of the remaining files may cause problems
10-May-2017 00:50:32.046 SEVERE [ContainerBackgroundProcessor[StandardEngine[Catalina]]] org.apache.catalina.startup.ExpandWar.deleteDir [C:\Users\kimco\git\apache-tomcat-8.5.14\webapps\ImagePreprocessing\WEB-INF] could not be completely deleted. The presence of the remaining files may cause problems
10-May-2017 00:50:32.047 SEVERE [ContainerBackgroundProcessor[StandardEngine[Catalina]]] org.apache.catalina.startup.ExpandWar.deleteDir [C:\Users\kimco\git\apache-tomcat-8.5.14\webapps\ImagePreprocessing] could not be completely deleted. The presence of the remaining files may cause problems
10-May-2017 00:50:32.048 SEVERE [ContainerBackgroundProcessor[StandardEngine[Catalina]]] org.apache.catalina.startup.ExpandWar.delete [C:\Users\kimco\git\apache-tomcat-8.5.14\webapps\ImagePreprocessing] could not be completely deleted. The presence of the remaining files may cause problems
10-May-2017 00:50:32.056 INFO [localhost-startStop-2] org.apache.catalina.startup.HostConfig.deployDirectory Deploying web application directory C:\Users\kimco\git\apache-tomcat-8.5.14\webapps\ImagePreprocessing
10-May-2017 00:50:32.273 INFO [localhost-startStop-2] org.apache.catalina.startup.HostConfig.deployDirectory Deployment of web application directory C:\Users\kimco\git\apache-tomcat-8.5.14\webapps\ImagePreprocessing has finished in 217 ms
10-May-2017 00:50:38.430 INFO [Thread-5] org.apache.coyote.AbstractProtocol.pause Pausing ProtocolHandler ["http-nio-8080"]
10-May-2017 00:50:43.534 INFO [main] org.apache.catalina.startup.VersionLoggerListener.log Server version:        Apache Tomcat/8.5.14
10-May-2017 00:50:43.537 INFO [main] org.apache.catalina.startup.VersionLoggerListener.log Server built:          Apr 13 2017 12:55:45 UTC
10-May-2017 00:50:43.538 INFO [main] org.apache.catalina.startup.VersionLoggerListener.log Server number:         8.5.14.0
10-May-2017 00:50:43.538 INFO [main] org.apache.catalina.startup.VersionLoggerListener.log OS Name:               Windows 10
10-May-2017 00:50:43.538 INFO [main] org.apache.catalina.startup.VersionLoggerListener.log OS Version:            10.0
10-May-2017 00:50:43.538 INFO [main] org.apache.catalina.startup.VersionLoggerListener.log Architecture:          amd64
10-May-2017 00:50:43.538 INFO [main] org.apache.catalina.startup.VersionLoggerListener.log Java Home:             C:\Program Files\Java\jdk1.8.0_111\jre
10-May-2017 00:50:43.538 INFO [main] org.apache.catalina.startup.VersionLoggerListener.log JVM Version:           1.8.0_111-b14
10-May-2017 00:50:43.539 INFO [main] org.apache.catalina.startup.VersionLoggerListener.log JVM Vendor:            Oracle Corporation
10-May-2017 00:50:43.539 INFO [main] org.apache.catalina.startup.VersionLoggerListener.log CATALINA_BASE:         C:\Users\kimco\git\apache-tomcat-8.5.14
10-May-2017 00:50:43.539 INFO [main] org.apache.catalina.startup.VersionLoggerListener.log CATALINA_HOME:         C:\Users\kimco\git\apache-tomcat-8.5.14
10-May-2017 00:50:43.540 INFO [main] org.apache.catalina.startup.VersionLoggerListener.log Command line argument: -Djava.util.logging.config.file=C:\Users\kimco\git\apache-tomcat-8.5.14\conf\logging.properties
10-May-2017 00:50:43.540 INFO [main] org.apache.catalina.startup.VersionLoggerListener.log Command line argument: -Djava.util.logging.manager=org.apache.juli.ClassLoaderLogManager
10-May-2017 00:50:43.540 INFO [main] org.apache.catalina.startup.VersionLoggerListener.log Command line argument: -Djdk.tls.ephemeralDHKeySize=2048
10-May-2017 00:50:43.540 INFO [main] org.apache.catalina.startup.VersionLoggerListener.log Command line argument: -Djava.protocol.handler.pkgs=org.apache.catalina.webresources
10-May-2017 00:50:43.540 INFO [main] org.apache.catalina.startup.VersionLoggerListener.log Command line argument: -Dcatalina.base=C:\Users\kimco\git\apache-tomcat-8.5.14
10-May-2017 00:50:43.541 INFO [main] org.apache.catalina.startup.VersionLoggerListener.log Command line argument: -Dcatalina.home=C:\Users\kimco\git\apache-tomcat-8.5.14
10-May-2017 00:50:43.542 INFO [main] org.apache.catalina.startup.VersionLoggerListener.log Command line argument: -Djava.io.tmpdir=C:\Users\kimco\git\apache-tomcat-8.5.14\temp
10-May-2017 00:50:43.543 INFO [main] org.apache.catalina.core.AprLifecycleListener.lifecycleEvent The APR based Apache Tomcat Native library which allows optimal performance in production environments was not found on the java.library.path: C:\Program Files\Java\jdk1.8.0_111\bin;C:\WINDOWS\Sun\Java\bin;C:\WINDOWS\system32;C:\WINDOWS;C:\Users\kimco\AppData\Local\GitHub\PortableGit_f02737a78695063deace08e96d5042710d3e32db\cmd;C:\Users\kimco\AppData\Local\GitHub\PortableGit_f02737a78695063deace08e96d5042710d3e32db\usr\bin;C:\Users\kimco\AppData\Local\GitHub\PortableGit_f02737a78695063deace08e96d5042710d3e32db\usr\share\git-tfs;C:\Users\kimco\AppData\Local\Apps\2.0\E2YTE3DE.NT7\3758QCJ4.EHR\gith..tion_317444273a93ac29_0003.0003_5794af8169eeff14;C:\Users\kimco\AppData\Local\GitHub\lfs-amd64_1.5.5;C:\ProgramData\Oracle\Java\javapath;C:\Program Files (x86)\Intel\iCLS Client\;C:\Program Files\Intel\iCLS Client\;C:\WINDOWS\system32;C:\WINDOWS;C:\WINDOWS\System32\Wbem;C:\WINDOWS\System32\WindowsPowerShell\v1.0\;C:\Program Files (x86)\Intel\Intel(R) Management Engine Components\DAL;C:\Program Files\Intel\Intel(R) Management Engine Components\DAL;C:\Program Files (x86)\Intel\Intel(R) Management Engine Components\IPT;C:\Program Files\Intel\Intel(R) Management Engine Components\IPT;C:\Program Files\Microsoft SQL Server\130\DTS\Binn\;C:\Program Files\Microsoft SQL Server\Client SDK\ODBC\110\Tools\Binn\;C:\Program Files (x86)\Microsoft SQL Server\130\Tools\Binn\;C:\Program Files\Microsoft SQL Server\130\Tools\Binn\;C:\Program Files (x86)\Microsoft SQL Server\130\Tools\Binn\ManagementStudio\;C:\Program Files (x86)\Microsoft SQL Server\130\DTS\Binn\;C:\WINDOWS\system32\config\systemprofile\.dnx\bin;C:\Program Files\Microsoft DNX\Dnvm\;C:\Program Files\doxygen\bin;C:\Program Files (x86)\Skype\Phone\;C:\Users\kimco\AppData\Local\Microsoft\WindowsApps;C:\Program Files\Java\jdk1.8.0_111\bin;C:\Users\kimco\git\apache-maven-3.5.0\bin;C:\Program Files (x86)\MSBuild\14.0\bin\;C:\Program Files (x86)\Microsoft SDKs\Windows\v8.1A\bin\NETFX 4.5.1 Tools\x64;.
10-May-2017 00:50:43.817 INFO [main] org.apache.coyote.AbstractProtocol.init Initializing ProtocolHandler ["http-nio-8080"]
10-May-2017 00:50:44.063 INFO [main] org.apache.tomcat.util.net.NioSelectorPool.getSharedSelector Using a shared selector for servlet write/read
10-May-2017 00:50:44.066 INFO [main] org.apache.coyote.AbstractProtocol.init Initializing ProtocolHandler ["ajp-nio-8009"]
10-May-2017 00:50:44.069 INFO [main] org.apache.tomcat.util.net.NioSelectorPool.getSharedSelector Using a shared selector for servlet write/read
10-May-2017 00:50:44.069 INFO [main] org.apache.catalina.startup.Catalina.load Initialization processed in 955 ms
10-May-2017 00:50:44.106 INFO [main] org.apache.catalina.core.StandardService.startInternal Starting service Catalina
10-May-2017 00:50:44.107 INFO [main] org.apache.catalina.core.StandardEngine.startInternal Starting Servlet Engine: Apache Tomcat/8.5.14
10-May-2017 00:50:44.124 INFO [localhost-startStop-1] org.apache.catalina.startup.HostConfig.deployDirectory Deploying web application directory C:\Users\kimco\git\apache-tomcat-8.5.14\webapps\ImagePreprocessing
10-May-2017 00:50:44.554 INFO [localhost-startStop-1] org.apache.jasper.servlet.TldScanner.scanJars At least one JAR was scanned for TLDs yet contained no TLDs. Enable debug logging for this logger for a complete list of JARs that were scanned but no TLDs were found in them. Skipping unneeded JARs during scanning can improve startup time and JSP compilation time.
10-May-2017 00:50:44.642 INFO [localhost-startStop-1] org.apache.catalina.startup.HostConfig.deployDirectory Deployment of web application directory C:\Users\kimco\git\apache-tomcat-8.5.14\webapps\ImagePreprocessing has finished in 517 ms
10-May-2017 00:50:44.643 INFO [localhost-startStop-1] org.apache.catalina.startup.HostConfig.deployDirectory Deploying web application directory C:\Users\kimco\git\apache-tomcat-8.5.14\webapps\manager
10-May-2017 00:50:44.751 INFO [localhost-startStop-1] org.apache.catalina.startup.HostConfig.deployDirectory Deployment of web application directory C:\Users\kimco\git\apache-tomcat-8.5.14\webapps\manager has finished in 108 ms
10-May-2017 00:50:44.751 INFO [localhost-startStop-1] org.apache.catalina.startup.HostConfig.deployDirectory Deploying web application directory C:\Users\kimco\git\apache-tomcat-8.5.14\webapps\ROOT
10-May-2017 00:50:44.803 INFO [localhost-startStop-1] org.apache.catalina.startup.HostConfig.deployDirectory Deployment of web application directory C:\Users\kimco\git\apache-tomcat-8.5.14\webapps\ROOT has finished in 52 ms
10-May-2017 00:50:44.806 INFO [main] org.apache.coyote.AbstractProtocol.start Starting ProtocolHandler ["http-nio-8080"]
10-May-2017 00:50:44.815 INFO [main] org.apache.coyote.AbstractProtocol.start Starting ProtocolHandler ["ajp-nio-8009"]
10-May-2017 00:50:44.818 INFO [main] org.apache.catalina.startup.Catalina.start Server startup in 747 ms
10-May-2017 00:50:52.718 INFO [http-nio-8080-exec-3] org.apache.catalina.startup.HostConfig.undeploy Undeploying context [/ImagePreprocessing]
10-May-2017 00:51:01.117 INFO [http-nio-8080-exec-2] org.apache.catalina.startup.HostConfig.deployWAR Deploying web application archive C:\Users\kimco\git\apache-tomcat-8.5.14\webapps\ImagePreprocessing.war
10-May-2017 00:51:02.179 INFO [http-nio-8080-exec-2] com.sun.jersey.api.core.PackagesResourceConfig.init Scanning for root resource and provider classes in the packages:
  rest
10-May-2017 00:51:02.236 INFO [http-nio-8080-exec-2] com.sun.jersey.api.core.ScanningResourceConfig.logClasses Root resource classes found:
  class rest.ImageIO
10-May-2017 00:51:02.236 INFO [http-nio-8080-exec-2] com.sun.jersey.api.core.ScanningResourceConfig.init No provider classes found.
10-May-2017 00:51:02.487 INFO [http-nio-8080-exec-2] com.sun.jersey.server.impl.application.WebApplicationImpl._initiate Initiating Jersey application, version 'Jersey: 1.8 06/24/2011 12:17 PM'
10-May-2017 00:51:03.793 INFO [http-nio-8080-exec-2] org.apache.catalina.startup.HostConfig.deployWAR Deployment of web application archive C:\Users\kimco\git\apache-tomcat-8.5.14\webapps\ImagePreprocessing.war has finished in 2,676 ms
10-May-2017 01:17:33.429 INFO [http-nio-8080-exec-11] org.apache.catalina.startup.HostConfig.undeploy Undeploying context [/ImagePreprocessing]
10-May-2017 01:17:42.265 INFO [http-nio-8080-exec-13] org.apache.catalina.startup.HostConfig.deployWAR Deploying web application archive C:\Users\kimco\git\apache-tomcat-8.5.14\webapps\ImagePreprocessing.war
10-May-2017 01:17:43.230 INFO [http-nio-8080-exec-13] com.sun.jersey.api.core.PackagesResourceConfig.init Scanning for root resource and provider classes in the packages:
  rest
10-May-2017 01:17:43.280 INFO [http-nio-8080-exec-13] com.sun.jersey.api.core.ScanningResourceConfig.logClasses Root resource classes found:
  class rest.ImageIO
10-May-2017 01:17:43.280 INFO [http-nio-8080-exec-13] com.sun.jersey.api.core.ScanningResourceConfig.init No provider classes found.
10-May-2017 01:17:43.498 INFO [http-nio-8080-exec-13] com.sun.jersey.server.impl.application.WebApplicationImpl._initiate Initiating Jersey application, version 'Jersey: 1.8 06/24/2011 12:17 PM'
10-May-2017 01:17:44.474 INFO [http-nio-8080-exec-13] org.apache.catalina.startup.HostConfig.deployWAR Deployment of web application archive C:\Users\kimco\git\apache-tomcat-8.5.14\webapps\ImagePreprocessing.war has finished in 2,209 ms
10-May-2017 01:25:02.069 INFO [http-nio-8080-exec-25] org.apache.catalina.util.LifecycleBase.stop The stop() method was called on component [StandardEngine[Catalina].StandardHost[localhost].StandardContext[/ImagePreprocessing]] after stop() had already been called. The second call will be ignored.
10-May-2017 01:25:03.088 INFO [http-nio-8080-exec-29] org.apache.catalina.util.LifecycleBase.stop The stop() method was called on component [StandardEngine[Catalina].StandardHost[localhost].StandardContext[/ImagePreprocessing]] after stop() had already been called. The second call will be ignored.
10-May-2017 01:25:03.282 INFO [http-nio-8080-exec-23] org.apache.catalina.util.LifecycleBase.stop The stop() method was called on component [StandardEngine[Catalina].StandardHost[localhost].StandardContext[/ImagePreprocessing]] after stop() had already been called. The second call will be ignored.
10-May-2017 01:25:03.468 INFO [http-nio-8080-exec-27] org.apache.catalina.util.LifecycleBase.stop The stop() method was called on component [StandardEngine[Catalina].StandardHost[localhost].StandardContext[/ImagePreprocessing]] after stop() had already been called. The second call will be ignored.
10-May-2017 01:25:03.749 INFO [http-nio-8080-exec-26] org.apache.catalina.util.LifecycleBase.stop The stop() method was called on component [StandardEngine[Catalina].StandardHost[localhost].StandardContext[/ImagePreprocessing]] after stop() had already been called. The second call will be ignored.
10-May-2017 01:25:08.009 INFO [ContainerBackgroundProcessor[StandardEngine[Catalina]]] org.apache.catalina.startup.HostConfig.undeploy Undeploying context [/ImagePreprocessing]
10-May-2017 01:25:08.020 SEVERE [ContainerBackgroundProcessor[StandardEngine[Catalina]]] org.apache.catalina.startup.ExpandWar.deleteDir [C:\Users\kimco\git\apache-tomcat-8.5.14\webapps\ImagePreprocessing\WEB-INF\lib] could not be completely deleted. The presence of the remaining files may cause problems
10-May-2017 01:25:08.022 SEVERE [ContainerBackgroundProcessor[StandardEngine[Catalina]]] org.apache.catalina.startup.ExpandWar.deleteDir [C:\Users\kimco\git\apache-tomcat-8.5.14\webapps\ImagePreprocessing\WEB-INF] could not be completely deleted. The presence of the remaining files may cause problems
10-May-2017 01:25:08.023 SEVERE [ContainerBackgroundProcessor[StandardEngine[Catalina]]] org.apache.catalina.startup.ExpandWar.deleteDir [C:\Users\kimco\git\apache-tomcat-8.5.14\webapps\ImagePreprocessing] could not be completely deleted. The presence of the remaining files may cause problems
10-May-2017 01:25:08.023 SEVERE [ContainerBackgroundProcessor[StandardEngine[Catalina]]] org.apache.catalina.startup.ExpandWar.delete [C:\Users\kimco\git\apache-tomcat-8.5.14\webapps\ImagePreprocessing] could not be completely deleted. The presence of the remaining files may cause problems
10-May-2017 01:25:08.031 INFO [localhost-startStop-2] org.apache.catalina.startup.HostConfig.deployDirectory Deploying web application directory C:\Users\kimco\git\apache-tomcat-8.5.14\webapps\ImagePreprocessing
10-May-2017 01:25:08.148 INFO [localhost-startStop-2] org.apache.catalina.startup.HostConfig.deployDirectory Deployment of web application directory C:\Users\kimco\git\apache-tomcat-8.5.14\webapps\ImagePreprocessing has finished in 117 ms
10-May-2017 01:25:13.644 INFO [main] org.apache.catalina.startup.VersionLoggerListener.log Server version:        Apache Tomcat/8.5.14
10-May-2017 01:25:13.649 INFO [main] org.apache.catalina.startup.VersionLoggerListener.log Server built:          Apr 13 2017 12:55:45 UTC
10-May-2017 01:25:13.650 INFO [main] org.apache.catalina.startup.VersionLoggerListener.log Server number:         8.5.14.0
10-May-2017 01:25:13.650 INFO [main] org.apache.catalina.startup.VersionLoggerListener.log OS Name:               Windows 10
10-May-2017 01:25:13.650 INFO [main] org.apache.catalina.startup.VersionLoggerListener.log OS Version:            10.0
10-May-2017 01:25:13.650 INFO [main] org.apache.catalina.startup.VersionLoggerListener.log Architecture:          amd64
10-May-2017 01:25:13.650 INFO [main] org.apache.catalina.startup.VersionLoggerListener.log Java Home:             C:\Program Files\Java\jdk1.8.0_111\jre
10-May-2017 01:25:13.650 INFO [main] org.apache.catalina.startup.VersionLoggerListener.log JVM Version:           1.8.0_111-b14
10-May-2017 01:25:13.651 INFO [main] org.apache.catalina.startup.VersionLoggerListener.log JVM Vendor:            Oracle Corporation
10-May-2017 01:25:13.651 INFO [main] org.apache.catalina.startup.VersionLoggerListener.log CATALINA_BASE:         C:\Users\kimco\git\apache-tomcat-8.5.14
10-May-2017 01:25:13.651 INFO [main] org.apache.catalina.startup.VersionLoggerListener.log CATALINA_HOME:         C:\Users\kimco\git\apache-tomcat-8.5.14
10-May-2017 01:25:13.653 INFO [main] org.apache.catalina.startup.VersionLoggerListener.log Command line argument: -Djava.util.logging.config.file=C:\Users\kimco\git\apache-tomcat-8.5.14\conf\logging.properties
10-May-2017 01:25:13.653 INFO [main] org.apache.catalina.startup.VersionLoggerListener.log Command line argument: -Djava.util.logging.manager=org.apache.juli.ClassLoaderLogManager
10-May-2017 01:25:13.653 INFO [main] org.apache.catalina.startup.VersionLoggerListener.log Command line argument: -Djdk.tls.ephemeralDHKeySize=2048
10-May-2017 01:25:13.653 INFO [main] org.apache.catalina.startup.VersionLoggerListener.log Command line argument: -Djava.protocol.handler.pkgs=org.apache.catalina.webresources
10-May-2017 01:25:13.653 INFO [main] org.apache.catalina.startup.VersionLoggerListener.log Command line argument: -Dcatalina.base=C:\Users\kimco\git\apache-tomcat-8.5.14
10-May-2017 01:25:13.654 INFO [main] org.apache.catalina.startup.VersionLoggerListener.log Command line argument: -Dcatalina.home=C:\Users\kimco\git\apache-tomcat-8.5.14
10-May-2017 01:25:13.655 INFO [main] org.apache.catalina.startup.VersionLoggerListener.log Command line argument: -Djava.io.tmpdir=C:\Users\kimco\git\apache-tomcat-8.5.14\temp
10-May-2017 01:25:13.657 INFO [main] org.apache.catalina.core.AprLifecycleListener.lifecycleEvent The APR based Apache Tomcat Native library which allows optimal performance in production environments was not found on the java.library.path: C:\Program Files\Java\jdk1.8.0_111\bin;C:\WINDOWS\Sun\Java\bin;C:\WINDOWS\system32;C:\WINDOWS;C:\Users\kimco\AppData\Local\GitHub\PortableGit_f02737a78695063deace08e96d5042710d3e32db\cmd;C:\Users\kimco\AppData\Local\GitHub\PortableGit_f02737a78695063deace08e96d5042710d3e32db\usr\bin;C:\Users\kimco\AppData\Local\GitHub\PortableGit_f02737a78695063deace08e96d5042710d3e32db\usr\share\git-tfs;C:\Users\kimco\AppData\Local\Apps\2.0\E2YTE3DE.NT7\3758QCJ4.EHR\gith..tion_317444273a93ac29_0003.0003_5794af8169eeff14;C:\Users\kimco\AppData\Local\GitHub\lfs-amd64_1.5.5;C:\ProgramData\Oracle\Java\javapath;C:\Program Files (x86)\Intel\iCLS Client\;C:\Program Files\Intel\iCLS Client\;C:\WINDOWS\system32;C:\WINDOWS;C:\WINDOWS\System32\Wbem;C:\WINDOWS\System32\WindowsPowerShell\v1.0\;C:\Program Files (x86)\Intel\Intel(R) Management Engine Components\DAL;C:\Program Files\Intel\Intel(R) Management Engine Components\DAL;C:\Program Files (x86)\Intel\Intel(R) Management Engine Components\IPT;C:\Program Files\Intel\Intel(R) Management Engine Components\IPT;C:\Program Files\Microsoft SQL Server\130\DTS\Binn\;C:\Program Files\Microsoft SQL Server\Client SDK\ODBC\110\Tools\Binn\;C:\Program Files (x86)\Microsoft SQL Server\130\Tools\Binn\;C:\Program Files\Microsoft SQL Server\130\Tools\Binn\;C:\Program Files (x86)\Microsoft SQL Server\130\Tools\Binn\ManagementStudio\;C:\Program Files (x86)\Microsoft SQL Server\130\DTS\Binn\;C:\WINDOWS\system32\config\systemprofile\.dnx\bin;C:\Program Files\Microsoft DNX\Dnvm\;C:\Program Files\doxygen\bin;C:\Program Files (x86)\Skype\Phone\;C:\Users\kimco\AppData\Local\Microsoft\WindowsApps;C:\Program Files\Java\jdk1.8.0_111\bin;C:\Users\kimco\git\apache-maven-3.5.0\bin;C:\Program Files (x86)\MSBuild\14.0\bin\;C:\Program Files (x86)\Microsoft SDKs\Windows\v8.1A\bin\NETFX 4.5.1 Tools\x64;.
10-May-2017 01:25:13.957 INFO [main] org.apache.coyote.AbstractProtocol.init Initializing ProtocolHandler ["http-nio-8080"]
10-May-2017 01:25:14.258 INFO [main] org.apache.tomcat.util.net.NioSelectorPool.getSharedSelector Using a shared selector for servlet write/read
10-May-2017 01:25:14.262 INFO [main] org.apache.coyote.AbstractProtocol.init Initializing ProtocolHandler ["ajp-nio-8009"]
10-May-2017 01:25:14.266 INFO [main] org.apache.tomcat.util.net.NioSelectorPool.getSharedSelector Using a shared selector for servlet write/read
10-May-2017 01:25:14.266 INFO [main] org.apache.catalina.startup.Catalina.load Initialization processed in 1126 ms
10-May-2017 01:25:14.308 INFO [main] org.apache.catalina.core.StandardService.startInternal Starting service Catalina
10-May-2017 01:25:14.308 INFO [main] org.apache.catalina.core.StandardEngine.startInternal Starting Servlet Engine: Apache Tomcat/8.5.14
10-May-2017 01:25:14.326 INFO [localhost-startStop-1] org.apache.catalina.startup.HostConfig.deployDirectory Deploying web application directory C:\Users\kimco\git\apache-tomcat-8.5.14\webapps\ImagePreprocessing
10-May-2017 01:25:14.820 INFO [localhost-startStop-1] org.apache.jasper.servlet.TldScanner.scanJars At least one JAR was scanned for TLDs yet contained no TLDs. Enable debug logging for this logger for a complete list of JARs that were scanned but no TLDs were found in them. Skipping unneeded JARs during scanning can improve startup time and JSP compilation time.
10-May-2017 01:25:14.907 INFO [localhost-startStop-1] org.apache.catalina.startup.HostConfig.deployDirectory Deployment of web application directory C:\Users\kimco\git\apache-tomcat-8.5.14\webapps\ImagePreprocessing has finished in 580 ms
10-May-2017 01:25:14.907 INFO [localhost-startStop-1] org.apache.catalina.startup.HostConfig.deployDirectory Deploying web application directory C:\Users\kimco\git\apache-tomcat-8.5.14\webapps\manager
10-May-2017 01:25:15.004 INFO [localhost-startStop-1] org.apache.catalina.startup.HostConfig.deployDirectory Deployment of web application directory C:\Users\kimco\git\apache-tomcat-8.5.14\webapps\manager has finished in 97 ms
10-May-2017 01:25:15.004 INFO [localhost-startStop-1] org.apache.catalina.startup.HostConfig.deployDirectory Deploying web application directory C:\Users\kimco\git\apache-tomcat-8.5.14\webapps\ROOT
10-May-2017 01:25:15.071 INFO [localhost-startStop-1] org.apache.catalina.startup.HostConfig.deployDirectory Deployment of web application directory C:\Users\kimco\git\apache-tomcat-8.5.14\webapps\ROOT has finished in 67 ms
10-May-2017 01:25:15.076 INFO [main] org.apache.coyote.AbstractProtocol.start Starting ProtocolHandler ["http-nio-8080"]
10-May-2017 01:25:15.098 INFO [main] org.apache.coyote.AbstractProtocol.start Starting ProtocolHandler ["ajp-nio-8009"]
10-May-2017 01:25:15.103 INFO [main] org.apache.catalina.startup.Catalina.start Server startup in 835 ms
10-May-2017 01:25:21.925 INFO [http-nio-8080-exec-3] org.apache.catalina.startup.HostConfig.undeploy Undeploying context [/ImagePreprocessing]
10-May-2017 01:25:31.946 INFO [http-nio-8080-exec-2] org.apache.catalina.startup.HostConfig.deployWAR Deploying web application archive C:\Users\kimco\git\apache-tomcat-8.5.14\webapps\ImagePreprocessing.war
10-May-2017 01:25:33.325 INFO [http-nio-8080-exec-2] com.sun.jersey.api.core.PackagesResourceConfig.init Scanning for root resource and provider classes in the packages:
  rest
10-May-2017 01:25:33.393 INFO [http-nio-8080-exec-2] com.sun.jersey.api.core.ScanningResourceConfig.logClasses Root resource classes found:
  class rest.ImageIO
10-May-2017 01:25:33.393 INFO [http-nio-8080-exec-2] com.sun.jersey.api.core.ScanningResourceConfig.init No provider classes found.
10-May-2017 01:25:33.661 INFO [http-nio-8080-exec-2] com.sun.jersey.server.impl.application.WebApplicationImpl._initiate Initiating Jersey application, version 'Jersey: 1.8 06/24/2011 12:17 PM'
10-May-2017 01:25:34.985 INFO [http-nio-8080-exec-2] org.apache.catalina.startup.HostConfig.deployWAR Deployment of web application archive C:\Users\kimco\git\apache-tomcat-8.5.14\webapps\ImagePreprocessing.war has finished in 3,038 ms
10-May-2017 22:26:46.459 INFO [main] org.apache.catalina.startup.VersionLoggerListener.log Server version:        Apache Tomcat/8.5.14
10-May-2017 22:26:46.466 INFO [main] org.apache.catalina.startup.VersionLoggerListener.log Server built:          Apr 13 2017 12:55:45 UTC
10-May-2017 22:26:46.469 INFO [main] org.apache.catalina.startup.VersionLoggerListener.log Server number:         8.5.14.0
10-May-2017 22:26:46.469 INFO [main] org.apache.catalina.startup.VersionLoggerListener.log OS Name:               Windows 10
10-May-2017 22:26:46.469 INFO [main] org.apache.catalina.startup.VersionLoggerListener.log OS Version:            10.0
10-May-2017 22:26:46.469 INFO [main] org.apache.catalina.startup.VersionLoggerListener.log Architecture:          amd64
10-May-2017 22:26:46.469 INFO [main] org.apache.catalina.startup.VersionLoggerListener.log Java Home:             C:\Program Files\Java\jdk1.8.0_111\jre
10-May-2017 22:26:46.469 INFO [main] org.apache.catalina.startup.VersionLoggerListener.log JVM Version:           1.8.0_111-b14
10-May-2017 22:26:46.469 INFO [main] org.apache.catalina.startup.VersionLoggerListener.log JVM Vendor:            Oracle Corporation
10-May-2017 22:26:46.469 INFO [main] org.apache.catalina.startup.VersionLoggerListener.log CATALINA_BASE:         C:\Users\kimco\git\apache-tomcat-8.5.14
10-May-2017 22:26:46.469 INFO [main] org.apache.catalina.startup.VersionLoggerListener.log CATALINA_HOME:         C:\Users\kimco\git\apache-tomcat-8.5.14
10-May-2017 22:26:46.470 INFO [main] org.apache.catalina.startup.VersionLoggerListener.log Command line argument: -Djava.util.logging.config.file=C:\Users\kimco\git\apache-tomcat-8.5.14\conf\logging.properties
10-May-2017 22:26:46.470 INFO [main] org.apache.catalina.startup.VersionLoggerListener.log Command line argument: -Djava.util.logging.manager=org.apache.juli.ClassLoaderLogManager
10-May-2017 22:26:46.470 INFO [main] org.apache.catalina.startup.VersionLoggerListener.log Command line argument: -Djdk.tls.ephemeralDHKeySize=2048
10-May-2017 22:26:46.470 INFO [main] org.apache.catalina.startup.VersionLoggerListener.log Command line argument: -Djava.protocol.handler.pkgs=org.apache.catalina.webresources
10-May-2017 22:26:46.470 INFO [main] org.apache.catalina.startup.VersionLoggerListener.log Command line argument: -Dcatalina.base=C:\Users\kimco\git\apache-tomcat-8.5.14
10-May-2017 22:26:46.470 INFO [main] org.apache.catalina.startup.VersionLoggerListener.log Command line argument: -Dcatalina.home=C:\Users\kimco\git\apache-tomcat-8.5.14
10-May-2017 22:26:46.471 INFO [main] org.apache.catalina.startup.VersionLoggerListener.log Command line argument: -Djava.io.tmpdir=C:\Users\kimco\git\apache-tomcat-8.5.14\temp
10-May-2017 22:26:46.471 INFO [main] org.apache.catalina.core.AprLifecycleListener.lifecycleEvent The APR based Apache Tomcat Native library which allows optimal performance in production environments was not found on the java.library.path: C:\Program Files\Java\jdk1.8.0_111\bin;C:\WINDOWS\Sun\Java\bin;C:\WINDOWS\system32;C:\WINDOWS;C:\Users\kimco\AppData\Local\GitHub\PortableGit_f02737a78695063deace08e96d5042710d3e32db\cmd;C:\Users\kimco\AppData\Local\GitHub\PortableGit_f02737a78695063deace08e96d5042710d3e32db\usr\bin;C:\Users\kimco\AppData\Local\GitHub\PortableGit_f02737a78695063deace08e96d5042710d3e32db\usr\share\git-tfs;C:\Users\kimco\AppData\Local\Apps\2.0\E2YTE3DE.NT7\3758QCJ4.EHR\gith..tion_317444273a93ac29_0003.0003_5794af8169eeff14;C:\Users\kimco\AppData\Local\GitHub\lfs-amd64_1.5.5;C:\ProgramData\Oracle\Java\javapath;C:\Program Files (x86)\Intel\iCLS Client\;C:\Program Files\Intel\iCLS Client\;C:\WINDOWS\system32;C:\WINDOWS;C:\WINDOWS\System32\Wbem;C:\WINDOWS\System32\WindowsPowerShell\v1.0\;C:\Program Files (x86)\Intel\Intel(R) Management Engine Components\DAL;C:\Program Files\Intel\Intel(R) Management Engine Components\DAL;C:\Program Files (x86)\Intel\Intel(R) Management Engine Components\IPT;C:\Program Files\Intel\Intel(R) Management Engine Components\IPT;C:\Program Files\Microsoft SQL Server\130\DTS\Binn\;C:\Program Files\Microsoft SQL Server\Client SDK\ODBC\110\Tools\Binn\;C:\Program Files (x86)\Microsoft SQL Server\130\Tools\Binn\;C:\Program Files\Microsoft SQL Server\130\Tools\Binn\;C:\Program Files (x86)\Microsoft SQL Server\130\Tools\Binn\ManagementStudio\;C:\Program Files (x86)\Microsoft SQL Server\130\DTS\Binn\;C:\Users\kimco\.dnx\bin;C:\Program Files\Microsoft DNX\Dnvm\;C:\Program Files\doxygen\bin;C:\Program Files (x86)\Skype\Phone\;C:\Users\kimco\AppData\Local\Microsoft\WindowsApps;C:\Program Files\Java\jdk1.8.0_111\bin;C:\Users\kimco\git\apache-maven-3.5.0\bin;C:\Program Files (x86)\MSBuild\14.0\bin\;C:\Program Files (x86)\Microsoft SDKs\Windows\v8.1A\bin\NETFX 4.5.1 Tools\x64;.
10-May-2017 22:26:47.171 INFO [main] org.apache.coyote.AbstractProtocol.init Initializing ProtocolHandler ["http-nio-8080"]
10-May-2017 22:26:47.545 INFO [main] org.apache.tomcat.util.net.NioSelectorPool.getSharedSelector Using a shared selector for servlet write/read
10-May-2017 22:26:47.547 INFO [main] org.apache.coyote.AbstractProtocol.init Initializing ProtocolHandler ["ajp-nio-8009"]
10-May-2017 22:26:47.550 INFO [main] org.apache.tomcat.util.net.NioSelectorPool.getSharedSelector Using a shared selector for servlet write/read
10-May-2017 22:26:47.550 INFO [main] org.apache.catalina.startup.Catalina.load Initialization processed in 1953 ms
10-May-2017 22:26:47.599 INFO [main] org.apache.catalina.core.StandardService.startInternal Starting service Catalina
10-May-2017 22:26:47.599 INFO [main] org.apache.catalina.core.StandardEngine.startInternal Starting Servlet Engine: Apache Tomcat/8.5.14
10-May-2017 22:26:47.694 INFO [localhost-startStop-1] org.apache.catalina.startup.HostConfig.deployWAR Deploying web application archive C:\Users\kimco\git\apache-tomcat-8.5.14\webapps\ImagePreprocessing.war
10-May-2017 22:26:49.187 INFO [localhost-startStop-1] org.apache.jasper.servlet.TldScanner.scanJars At least one JAR was scanned for TLDs yet contained no TLDs. Enable debug logging for this logger for a complete list of JARs that were scanned but no TLDs were found in them. Skipping unneeded JARs during scanning can improve startup time and JSP compilation time.
10-May-2017 22:26:49.310 INFO [localhost-startStop-1] com.sun.jersey.api.core.PackagesResourceConfig.init Scanning for root resource and provider classes in the packages:
  rest
10-May-2017 22:26:49.365 INFO [localhost-startStop-1] com.sun.jersey.api.core.ScanningResourceConfig.logClasses Root resource classes found:
  class rest.ImageIO
10-May-2017 22:26:49.366 INFO [localhost-startStop-1] com.sun.jersey.api.core.ScanningResourceConfig.init No provider classes found.
10-May-2017 22:26:49.573 INFO [localhost-startStop-1] com.sun.jersey.server.impl.application.WebApplicationImpl._initiate Initiating Jersey application, version 'Jersey: 1.8 06/24/2011 12:17 PM'
10-May-2017 22:26:51.367 INFO [localhost-startStop-1] org.apache.catalina.startup.HostConfig.deployWAR Deployment of web application archive C:\Users\kimco\git\apache-tomcat-8.5.14\webapps\ImagePreprocessing.war has finished in 3,672 ms
10-May-2017 22:26:51.371 INFO [localhost-startStop-1] org.apache.catalina.startup.HostConfig.deployDirectory Deploying web application directory C:\Users\kimco\git\apache-tomcat-8.5.14\webapps\manager
10-May-2017 22:26:51.634 INFO [localhost-startStop-1] org.apache.catalina.startup.HostConfig.deployDirectory Deployment of web application directory C:\Users\kimco\git\apache-tomcat-8.5.14\webapps\manager has finished in 263 ms
10-May-2017 22:26:51.686 INFO [localhost-startStop-1] org.apache.catalina.startup.HostConfig.deployDirectory Deploying web application directory C:\Users\kimco\git\apache-tomcat-8.5.14\webapps\ROOT
10-May-2017 22:26:51.763 INFO [localhost-startStop-1] org.apache.catalina.startup.HostConfig.deployDirectory Deployment of web application directory C:\Users\kimco\git\apache-tomcat-8.5.14\webapps\ROOT has finished in 77 ms
10-May-2017 22:26:51.769 INFO [main] org.apache.coyote.AbstractProtocol.start Starting ProtocolHandler ["http-nio-8080"]
10-May-2017 22:26:51.783 INFO [main] org.apache.coyote.AbstractProtocol.start Starting ProtocolHandler ["ajp-nio-8009"]
10-May-2017 22:26:51.788 INFO [main] org.apache.catalina.startup.Catalina.start Server startup in 4236 ms
10-May-2017 22:37:31.382 INFO [http-nio-8080-exec-1] org.apache.catalina.startup.HostConfig.undeploy Undeploying context [/ImagePreprocessing]
10-May-2017 22:37:45.248 INFO [http-nio-8080-exec-7] org.apache.catalina.startup.HostConfig.deployWAR Deploying web application archive C:\Users\kimco\git\apache-tomcat-8.5.14\webapps\ImagePreprocessing.war
10-May-2017 22:37:49.616 INFO [http-nio-8080-exec-7] com.sun.jersey.api.core.PackagesResourceConfig.init Scanning for root resource and provider classes in the packages:
  rest
10-May-2017 22:37:49.689 INFO [http-nio-8080-exec-7] com.sun.jersey.api.core.ScanningResourceConfig.logClasses Root resource classes found:
  class rest.ImageIO
10-May-2017 22:37:49.689 INFO [http-nio-8080-exec-7] com.sun.jersey.api.core.ScanningResourceConfig.init No provider classes found.
10-May-2017 22:37:50.354 INFO [http-nio-8080-exec-7] com.sun.jersey.server.impl.application.WebApplicationImpl._initiate Initiating Jersey application, version 'Jersey: 1.8 06/24/2011 12:17 PM'
10-May-2017 22:37:51.437 INFO [http-nio-8080-exec-7] org.apache.catalina.startup.HostConfig.deployWAR Deployment of web application archive C:\Users\kimco\git\apache-tomcat-8.5.14\webapps\ImagePreprocessing.war has finished in 6,189 ms
