11-May-2017 01:55:05.479 INFO [localhost-startStop-1] org.apache.catalina.core.ApplicationContext.log Marking servlet jersey-servlet as unavailable
11-May-2017 01:55:05.479 SEVERE [localhost-startStop-1] org.apache.catalina.core.StandardContext.loadOnStartup Servlet [jersey-servlet] in web application [/ImagePreprocessing] threw load() exception
 java.lang.ClassNotFoundException: com.sun.jersey.spi.container.servlet.ServletContainer
	at org.apache.catalina.loader.WebappClassLoaderBase.loadClass(WebappClassLoaderBase.java:1285)
	at org.apache.catalina.loader.WebappClassLoaderBase.loadClass(WebappClassLoaderBase.java:1119)
	at org.apache.catalina.core.DefaultInstanceManager.loadClass(DefaultInstanceManager.java:511)
	at org.apache.catalina.core.DefaultInstanceManager.loadClassMaybePrivileged(DefaultInstanceManager.java:492)
	at org.apache.catalina.core.DefaultInstanceManager.newInstance(DefaultInstanceManager.java:118)
	at org.apache.catalina.core.StandardWrapper.loadServlet(StandardWrapper.java:1050)
	at org.apache.catalina.core.StandardWrapper.load(StandardWrapper.java:989)
	at org.apache.catalina.core.StandardContext.loadOnStartup(StandardContext.java:4931)
	at org.apache.catalina.core.StandardContext.startInternal(StandardContext.java:5241)
	at org.apache.catalina.util.LifecycleBase.start(LifecycleBase.java:150)
	at org.apache.catalina.core.ContainerBase.addChildInternal(ContainerBase.java:752)
	at org.apache.catalina.core.ContainerBase.addChild(ContainerBase.java:728)
	at org.apache.catalina.core.StandardHost.addChild(StandardHost.java:734)
	at org.apache.catalina.startup.HostConfig.deployDirectory(HostConfig.java:1107)
	at org.apache.catalina.startup.HostConfig$DeployDirectory.run(HostConfig.java:1841)
	at java.util.concurrent.Executors$RunnableAdapter.call(Executors.java:511)
	at java.util.concurrent.FutureTask.run(FutureTask.java:266)
	at java.util.concurrent.ThreadPoolExecutor.runWorker(ThreadPoolExecutor.java:1142)
	at java.util.concurrent.ThreadPoolExecutor$Worker.run(ThreadPoolExecutor.java:617)
	at java.lang.Thread.run(Thread.java:745)

11-May-2017 01:59:11.246 INFO [localhost-startStop-1] org.apache.catalina.core.ApplicationContext.log Marking servlet jersey-servlet as unavailable
11-May-2017 01:59:11.246 SEVERE [localhost-startStop-1] org.apache.catalina.core.StandardContext.loadOnStartup Servlet [jersey-servlet] in web application [/ImagePreprocessing] threw load() exception
 java.lang.ClassNotFoundException: com.sun.jersey.spi.container.servlet.ServletContainer
	at org.apache.catalina.loader.WebappClassLoaderBase.loadClass(WebappClassLoaderBase.java:1285)
	at org.apache.catalina.loader.WebappClassLoaderBase.loadClass(WebappClassLoaderBase.java:1119)
	at org.apache.catalina.core.DefaultInstanceManager.loadClass(DefaultInstanceManager.java:511)
	at org.apache.catalina.core.DefaultInstanceManager.loadClassMaybePrivileged(DefaultInstanceManager.java:492)
	at org.apache.catalina.core.DefaultInstanceManager.newInstance(DefaultInstanceManager.java:118)
	at org.apache.catalina.core.StandardWrapper.loadServlet(StandardWrapper.java:1050)
	at org.apache.catalina.core.StandardWrapper.load(StandardWrapper.java:989)
	at org.apache.catalina.core.StandardContext.loadOnStartup(StandardContext.java:4931)
	at org.apache.catalina.core.StandardContext.startInternal(StandardContext.java:5241)
	at org.apache.catalina.util.LifecycleBase.start(LifecycleBase.java:150)
	at org.apache.catalina.core.ContainerBase.addChildInternal(ContainerBase.java:752)
	at org.apache.catalina.core.ContainerBase.addChild(ContainerBase.java:728)
	at org.apache.catalina.core.StandardHost.addChild(StandardHost.java:734)
	at org.apache.catalina.startup.HostConfig.deployDirectory(HostConfig.java:1107)
	at org.apache.catalina.startup.HostConfig$DeployDirectory.run(HostConfig.java:1841)
	at java.util.concurrent.Executors$RunnableAdapter.call(Executors.java:511)
	at java.util.concurrent.FutureTask.run(FutureTask.java:266)
	at java.util.concurrent.ThreadPoolExecutor.runWorker(ThreadPoolExecutor.java:1142)
	at java.util.concurrent.ThreadPoolExecutor$Worker.run(ThreadPoolExecutor.java:617)
	at java.lang.Thread.run(Thread.java:745)

11-May-2017 02:01:42.962 INFO [localhost-startStop-1] org.apache.catalina.core.ApplicationContext.log Marking servlet jersey-servlet as unavailable
11-May-2017 02:01:42.963 SEVERE [localhost-startStop-1] org.apache.catalina.core.StandardContext.loadOnStartup Servlet [jersey-servlet] in web application [/ImagePreprocessing] threw load() exception
 java.lang.ClassNotFoundException: com.sun.jersey.spi.container.servlet.ServletContainer
	at org.apache.catalina.loader.WebappClassLoaderBase.loadClass(WebappClassLoaderBase.java:1285)
	at org.apache.catalina.loader.WebappClassLoaderBase.loadClass(WebappClassLoaderBase.java:1119)
	at org.apache.catalina.core.DefaultInstanceManager.loadClass(DefaultInstanceManager.java:511)
	at org.apache.catalina.core.DefaultInstanceManager.loadClassMaybePrivileged(DefaultInstanceManager.java:492)
	at org.apache.catalina.core.DefaultInstanceManager.newInstance(DefaultInstanceManager.java:118)
	at org.apache.catalina.core.StandardWrapper.loadServlet(StandardWrapper.java:1050)
	at org.apache.catalina.core.StandardWrapper.load(StandardWrapper.java:989)
	at org.apache.catalina.core.StandardContext.loadOnStartup(StandardContext.java:4931)
	at org.apache.catalina.core.StandardContext.startInternal(StandardContext.java:5241)
	at org.apache.catalina.util.LifecycleBase.start(LifecycleBase.java:150)
	at org.apache.catalina.core.ContainerBase.addChildInternal(ContainerBase.java:752)
	at org.apache.catalina.core.ContainerBase.addChild(ContainerBase.java:728)
	at org.apache.catalina.core.StandardHost.addChild(StandardHost.java:734)
	at org.apache.catalina.startup.HostConfig.deployDirectory(HostConfig.java:1107)
	at org.apache.catalina.startup.HostConfig$DeployDirectory.run(HostConfig.java:1841)
	at java.util.concurrent.Executors$RunnableAdapter.call(Executors.java:511)
	at java.util.concurrent.FutureTask.run(FutureTask.java:266)
	at java.util.concurrent.ThreadPoolExecutor.runWorker(ThreadPoolExecutor.java:1142)
	at java.util.concurrent.ThreadPoolExecutor$Worker.run(ThreadPoolExecutor.java:617)
	at java.lang.Thread.run(Thread.java:745)

