09-May-2017 00:04:44.526 INFO [http-nio-8080-exec-3] org.apache.catalina.core.ApplicationContext.log HTMLManager: init: Associated with Deployer 'Catalina:type=Deployer,host=localhost'
09-May-2017 00:04:44.526 INFO [http-nio-8080-exec-3] org.apache.catalina.core.ApplicationContext.log HTMLManager: init: Global resources are available
09-May-2017 00:04:44.608 INFO [http-nio-8080-exec-3] org.apache.catalina.core.ApplicationContext.log HTMLManager: list: Listing contexts for virtual host 'localhost'
09-May-2017 00:04:47.593 INFO [http-nio-8080-exec-7] org.apache.catalina.core.ApplicationContext.log HTMLManager: undeploy: Undeploying web application at '/ImagePreprocessing'
09-May-2017 00:04:48.267 INFO [http-nio-8080-exec-7] org.apache.catalina.core.ApplicationContext.log HTMLManager: list: Listing contexts for virtual host 'localhost'
09-May-2017 00:05:02.552 INFO [http-nio-8080-exec-8] org.apache.catalina.core.ApplicationContext.log HTMLManager: list: Listing contexts for virtual host 'localhost'
09-May-2017 12:06:26.757 INFO [http-nio-8080-exec-3] org.apache.catalina.core.ApplicationContext.log HTMLManager: init: Associated with Deployer 'Catalina:type=Deployer,host=localhost'
09-May-2017 12:06:26.757 INFO [http-nio-8080-exec-3] org.apache.catalina.core.ApplicationContext.log HTMLManager: init: Global resources are available
09-May-2017 12:06:26.829 INFO [http-nio-8080-exec-3] org.apache.catalina.core.ApplicationContext.log HTMLManager: list: Listing contexts for virtual host 'localhost'
09-May-2017 12:06:29.978 INFO [http-nio-8080-exec-9] org.apache.catalina.core.ApplicationContext.log HTMLManager: undeploy: Undeploying web application at '/ImagePreprocessing'
09-May-2017 12:06:30.643 INFO [http-nio-8080-exec-9] org.apache.catalina.core.ApplicationContext.log HTMLManager: list: Listing contexts for virtual host 'localhost'
09-May-2017 12:07:01.759 INFO [http-nio-8080-exec-13] org.apache.catalina.core.ApplicationContext.log HTMLManager: list: Listing contexts for virtual host 'localhost'
09-May-2017 12:07:16.021 INFO [http-nio-8080-exec-16] org.apache.catalina.core.ApplicationContext.log HTMLManager: list: Listing contexts for virtual host 'localhost'
09-May-2017 12:12:11.220 INFO [http-nio-8080-exec-12] org.apache.catalina.core.ApplicationContext.log HTMLManager: undeploy: Undeploying web application at '/ImagePreprocessing'
09-May-2017 12:12:11.260 INFO [http-nio-8080-exec-12] org.apache.catalina.core.ApplicationContext.log HTMLManager: list: Listing contexts for virtual host 'localhost'
09-May-2017 12:12:13.528 INFO [http-nio-8080-exec-14] org.apache.catalina.core.ApplicationContext.log HTMLManager: undeploy: Undeploying web application at '/ImagePreprocessing'
09-May-2017 12:12:13.536 INFO [http-nio-8080-exec-14] org.apache.catalina.core.ApplicationContext.log HTMLManager: list: Listing contexts for virtual host 'localhost'
09-May-2017 12:12:15.259 INFO [http-nio-8080-exec-20] org.apache.catalina.core.ApplicationContext.log HTMLManager: undeploy: Undeploying web application at '/ImagePreprocessing'
09-May-2017 12:12:15.275 INFO [http-nio-8080-exec-20] org.apache.catalina.core.ApplicationContext.log HTMLManager: list: Listing contexts for virtual host 'localhost'
09-May-2017 12:12:15.493 INFO [http-nio-8080-exec-11] org.apache.catalina.core.ApplicationContext.log HTMLManager: undeploy: Undeploying web application at '/ImagePreprocessing'
09-May-2017 12:12:15.497 INFO [http-nio-8080-exec-11] org.apache.catalina.core.ApplicationContext.log HTMLManager: list: Listing contexts for virtual host 'localhost'
09-May-2017 12:12:16.407 INFO [http-nio-8080-exec-13] org.apache.catalina.core.ApplicationContext.log HTMLManager: undeploy: Undeploying web application at '/ImagePreprocessing'
09-May-2017 12:12:16.415 INFO [http-nio-8080-exec-13] org.apache.catalina.core.ApplicationContext.log HTMLManager: list: Listing contexts for virtual host 'localhost'
09-May-2017 12:12:16.761 INFO [http-nio-8080-exec-19] org.apache.catalina.core.ApplicationContext.log HTMLManager: undeploy: Undeploying web application at '/ImagePreprocessing'
09-May-2017 12:12:16.769 INFO [http-nio-8080-exec-19] org.apache.catalina.core.ApplicationContext.log HTMLManager: list: Listing contexts for virtual host 'localhost'
09-May-2017 12:12:16.951 INFO [http-nio-8080-exec-17] org.apache.catalina.core.ApplicationContext.log HTMLManager: undeploy: Undeploying web application at '/ImagePreprocessing'
09-May-2017 12:12:17.153 INFO [http-nio-8080-exec-18] org.apache.catalina.core.ApplicationContext.log HTMLManager: undeploy: Undeploying web application at '/ImagePreprocessing'
09-May-2017 12:12:17.293 INFO [http-nio-8080-exec-16] org.apache.catalina.core.ApplicationContext.log HTMLManager: undeploy: Undeploying web application at '/ImagePreprocessing'
09-May-2017 12:12:17.478 INFO [http-nio-8080-exec-17] org.apache.catalina.core.ApplicationContext.log HTMLManager: list: Listing contexts for virtual host 'localhost'
09-May-2017 12:12:17.478 INFO [http-nio-8080-exec-18] org.apache.catalina.core.ApplicationContext.log HTMLManager: list: Listing contexts for virtual host 'localhost'
09-May-2017 12:12:17.478 INFO [http-nio-8080-exec-16] org.apache.catalina.core.ApplicationContext.log HTMLManager: list: Listing contexts for virtual host 'localhost'
09-May-2017 12:12:28.163 INFO [http-nio-8080-exec-15] org.apache.catalina.core.ApplicationContext.log HTMLManager: list: Listing contexts for virtual host 'localhost'
09-May-2017 12:12:57.369 INFO [http-nio-8080-exec-23] org.apache.catalina.core.ApplicationContext.log HTMLManager: undeploy: Undeploying web application at '/ImagePreprocessing'
09-May-2017 12:12:57.385 INFO [http-nio-8080-exec-23] org.apache.catalina.core.ApplicationContext.log HTMLManager: list: Listing contexts for virtual host 'localhost'
09-May-2017 12:12:59.092 INFO [http-nio-8080-exec-27] org.apache.catalina.core.ApplicationContext.log HTMLManager: undeploy: Undeploying web application at '/ImagePreprocessing'
09-May-2017 12:12:59.104 INFO [http-nio-8080-exec-27] org.apache.catalina.core.ApplicationContext.log HTMLManager: list: Listing contexts for virtual host 'localhost'
09-May-2017 12:13:00.118 INFO [http-nio-8080-exec-22] org.apache.catalina.core.ApplicationContext.log HTMLManager: undeploy: Undeploying web application at '/ImagePreprocessing'
09-May-2017 12:13:00.126 INFO [http-nio-8080-exec-22] org.apache.catalina.core.ApplicationContext.log HTMLManager: list: Listing contexts for virtual host 'localhost'
09-May-2017 12:13:00.648 INFO [http-nio-8080-exec-28] org.apache.catalina.core.ApplicationContext.log HTMLManager: undeploy: Undeploying web application at '/ImagePreprocessing'
09-May-2017 12:13:00.652 INFO [http-nio-8080-exec-28] org.apache.catalina.core.ApplicationContext.log HTMLManager: list: Listing contexts for virtual host 'localhost'
09-May-2017 12:13:01.176 INFO [http-nio-8080-exec-11] org.apache.catalina.core.ApplicationContext.log HTMLManager: undeploy: Undeploying web application at '/ImagePreprocessing'
09-May-2017 12:13:01.184 INFO [http-nio-8080-exec-11] org.apache.catalina.core.ApplicationContext.log HTMLManager: list: Listing contexts for virtual host 'localhost'
09-May-2017 12:13:01.481 INFO [http-nio-8080-exec-25] org.apache.catalina.core.ApplicationContext.log HTMLManager: undeploy: Undeploying web application at '/ImagePreprocessing'
09-May-2017 12:13:01.485 INFO [http-nio-8080-exec-25] org.apache.catalina.core.ApplicationContext.log HTMLManager: list: Listing contexts for virtual host 'localhost'
09-May-2017 12:13:01.854 INFO [http-nio-8080-exec-26] org.apache.catalina.core.ApplicationContext.log HTMLManager: undeploy: Undeploying web application at '/ImagePreprocessing'
09-May-2017 12:13:01.859 INFO [http-nio-8080-exec-26] org.apache.catalina.core.ApplicationContext.log HTMLManager: list: Listing contexts for virtual host 'localhost'
09-May-2017 12:13:02.065 INFO [http-nio-8080-exec-19] org.apache.catalina.core.ApplicationContext.log HTMLManager: undeploy: Undeploying web application at '/ImagePreprocessing'
09-May-2017 12:13:02.069 INFO [http-nio-8080-exec-19] org.apache.catalina.core.ApplicationContext.log HTMLManager: list: Listing contexts for virtual host 'localhost'
09-May-2017 12:13:04.819 INFO [http-nio-8080-exec-18] org.apache.catalina.core.ApplicationContext.log HTMLManager: undeploy: Undeploying web application at '/ImagePreprocessing'
09-May-2017 12:13:04.827 INFO [http-nio-8080-exec-18] org.apache.catalina.core.ApplicationContext.log HTMLManager: list: Listing contexts for virtual host 'localhost'
09-May-2017 12:13:08.228 INFO [http-nio-8080-exec-24] org.apache.catalina.core.ApplicationContext.log HTMLManager: undeploy: Undeploying web application at '/ImagePreprocessing'
09-May-2017 12:13:08.232 INFO [http-nio-8080-exec-24] org.apache.catalina.core.ApplicationContext.log HTMLManager: list: Listing contexts for virtual host 'localhost'
09-May-2017 12:13:09.003 INFO [http-nio-8080-exec-29] org.apache.catalina.core.ApplicationContext.log HTMLManager: undeploy: Undeploying web application at '/ImagePreprocessing'
09-May-2017 12:13:09.011 INFO [http-nio-8080-exec-29] org.apache.catalina.core.ApplicationContext.log HTMLManager: list: Listing contexts for virtual host 'localhost'
09-May-2017 12:13:09.214 INFO [http-nio-8080-exec-30] org.apache.catalina.core.ApplicationContext.log HTMLManager: undeploy: Undeploying web application at '/ImagePreprocessing'
09-May-2017 12:13:09.218 INFO [http-nio-8080-exec-30] org.apache.catalina.core.ApplicationContext.log HTMLManager: list: Listing contexts for virtual host 'localhost'
09-May-2017 12:13:09.421 INFO [http-nio-8080-exec-28] org.apache.catalina.core.ApplicationContext.log HTMLManager: undeploy: Undeploying web application at '/ImagePreprocessing'
09-May-2017 12:13:09.653 INFO [http-nio-8080-exec-31] org.apache.catalina.core.ApplicationContext.log HTMLManager: undeploy: Undeploying web application at '/ImagePreprocessing'
09-May-2017 12:13:09.945 INFO [http-nio-8080-exec-31] org.apache.catalina.core.ApplicationContext.log HTMLManager: list: Listing contexts for virtual host 'localhost'
09-May-2017 12:13:09.945 INFO [http-nio-8080-exec-28] org.apache.catalina.core.ApplicationContext.log HTMLManager: list: Listing contexts for virtual host 'localhost'
09-May-2017 12:13:29.480 INFO [http-nio-8080-exec-16] org.apache.catalina.core.ApplicationContext.log HTMLManager: list: Listing contexts for virtual host 'localhost'
09-May-2017 12:18:20.589 INFO [http-nio-8080-exec-7] org.apache.catalina.core.ApplicationContext.log HTMLManager: init: Associated with Deployer 'Catalina:type=Deployer,host=localhost'
09-May-2017 12:18:20.589 INFO [http-nio-8080-exec-7] org.apache.catalina.core.ApplicationContext.log HTMLManager: init: Global resources are available
09-May-2017 12:18:58.186 INFO [http-nio-8080-exec-7] org.apache.catalina.core.ApplicationContext.log HTMLManager: list: Listing contexts for virtual host 'localhost'
09-May-2017 12:19:01.512 INFO [http-nio-8080-exec-6] org.apache.catalina.core.ApplicationContext.log HTMLManager: list: Listing contexts for virtual host 'localhost'
09-May-2017 12:19:03.288 INFO [http-nio-8080-exec-8] org.apache.catalina.core.ApplicationContext.log HTMLManager: undeploy: Undeploying web application at '/ImagePreprocessing'
09-May-2017 12:19:03.332 INFO [http-nio-8080-exec-8] org.apache.catalina.core.ApplicationContext.log HTMLManager: list: Listing contexts for virtual host 'localhost'
09-May-2017 12:19:06.031 INFO [http-nio-8080-exec-4] org.apache.catalina.core.ApplicationContext.log HTMLManager: undeploy: Undeploying web application at '/ImagePreprocessing'
09-May-2017 12:19:06.039 INFO [http-nio-8080-exec-4] org.apache.catalina.core.ApplicationContext.log HTMLManager: list: Listing contexts for virtual host 'localhost'
09-May-2017 12:19:07.680 INFO [http-nio-8080-exec-7] org.apache.catalina.core.ApplicationContext.log HTMLManager: undeploy: Undeploying web application at '/ImagePreprocessing'
09-May-2017 12:19:07.688 INFO [http-nio-8080-exec-7] org.apache.catalina.core.ApplicationContext.log HTMLManager: list: Listing contexts for virtual host 'localhost'
09-May-2017 12:19:07.856 INFO [http-nio-8080-exec-3] org.apache.catalina.core.ApplicationContext.log HTMLManager: undeploy: Undeploying web application at '/ImagePreprocessing'
09-May-2017 12:19:07.864 INFO [http-nio-8080-exec-3] org.apache.catalina.core.ApplicationContext.log HTMLManager: list: Listing contexts for virtual host 'localhost'
09-May-2017 12:19:08.792 INFO [http-nio-8080-exec-5] org.apache.catalina.core.ApplicationContext.log HTMLManager: undeploy: Undeploying web application at '/ImagePreprocessing'
09-May-2017 12:19:08.804 INFO [http-nio-8080-exec-5] org.apache.catalina.core.ApplicationContext.log HTMLManager: list: Listing contexts for virtual host 'localhost'
09-May-2017 12:19:09.291 INFO [http-nio-8080-exec-11] org.apache.catalina.core.ApplicationContext.log HTMLManager: undeploy: Undeploying web application at '/ImagePreprocessing'
09-May-2017 12:19:09.299 INFO [http-nio-8080-exec-11] org.apache.catalina.core.ApplicationContext.log HTMLManager: list: Listing contexts for virtual host 'localhost'
09-May-2017 12:19:09.651 INFO [http-nio-8080-exec-3] org.apache.catalina.core.ApplicationContext.log HTMLManager: undeploy: Undeploying web application at '/ImagePreprocessing'
09-May-2017 12:19:09.659 INFO [http-nio-8080-exec-3] org.apache.catalina.core.ApplicationContext.log HTMLManager: list: Listing contexts for virtual host 'localhost'
09-May-2017 12:19:09.818 INFO [http-nio-8080-exec-6] org.apache.catalina.core.ApplicationContext.log HTMLManager: undeploy: Undeploying web application at '/ImagePreprocessing'
09-May-2017 12:19:09.826 INFO [http-nio-8080-exec-6] org.apache.catalina.core.ApplicationContext.log HTMLManager: list: Listing contexts for virtual host 'localhost'
09-May-2017 12:19:10.170 INFO [http-nio-8080-exec-12] org.apache.catalina.core.ApplicationContext.log HTMLManager: undeploy: Undeploying web application at '/ImagePreprocessing'
09-May-2017 12:19:10.174 INFO [http-nio-8080-exec-12] org.apache.catalina.core.ApplicationContext.log HTMLManager: list: Listing contexts for virtual host 'localhost'
09-May-2017 12:19:10.402 INFO [http-nio-8080-exec-2] org.apache.catalina.core.ApplicationContext.log HTMLManager: undeploy: Undeploying web application at '/ImagePreprocessing'
09-May-2017 12:19:10.410 INFO [http-nio-8080-exec-2] org.apache.catalina.core.ApplicationContext.log HTMLManager: list: Listing contexts for virtual host 'localhost'
09-May-2017 12:19:10.582 INFO [http-nio-8080-exec-1] org.apache.catalina.core.ApplicationContext.log HTMLManager: undeploy: Undeploying web application at '/ImagePreprocessing'
09-May-2017 12:19:10.590 INFO [http-nio-8080-exec-1] org.apache.catalina.core.ApplicationContext.log HTMLManager: list: Listing contexts for virtual host 'localhost'
09-May-2017 12:19:10.763 INFO [http-nio-8080-exec-13] org.apache.catalina.core.ApplicationContext.log HTMLManager: undeploy: Undeploying web application at '/ImagePreprocessing'
09-May-2017 12:19:10.771 INFO [http-nio-8080-exec-13] org.apache.catalina.core.ApplicationContext.log HTMLManager: list: Listing contexts for virtual host 'localhost'
09-May-2017 12:19:10.935 INFO [http-nio-8080-exec-10] org.apache.catalina.core.ApplicationContext.log HTMLManager: undeploy: Undeploying web application at '/ImagePreprocessing'
09-May-2017 12:19:10.943 INFO [http-nio-8080-exec-10] org.apache.catalina.core.ApplicationContext.log HTMLManager: list: Listing contexts for virtual host 'localhost'
09-May-2017 12:19:11.244 INFO [http-nio-8080-exec-9] org.apache.catalina.core.ApplicationContext.log HTMLManager: undeploy: Undeploying web application at '/ImagePreprocessing'
09-May-2017 12:19:11.252 INFO [http-nio-8080-exec-9] org.apache.catalina.core.ApplicationContext.log HTMLManager: list: Listing contexts for virtual host 'localhost'
09-May-2017 12:19:11.439 INFO [http-nio-8080-exec-14] org.apache.catalina.core.ApplicationContext.log HTMLManager: undeploy: Undeploying web application at '/ImagePreprocessing'
09-May-2017 12:19:11.443 INFO [http-nio-8080-exec-14] org.apache.catalina.core.ApplicationContext.log HTMLManager: list: Listing contexts for virtual host 'localhost'
09-May-2017 12:19:11.662 INFO [http-nio-8080-exec-11] org.apache.catalina.core.ApplicationContext.log HTMLManager: undeploy: Undeploying web application at '/ImagePreprocessing'
09-May-2017 12:19:11.670 INFO [http-nio-8080-exec-11] org.apache.catalina.core.ApplicationContext.log HTMLManager: list: Listing contexts for virtual host 'localhost'
09-May-2017 12:19:11.897 INFO [http-nio-8080-exec-3] org.apache.catalina.core.ApplicationContext.log HTMLManager: undeploy: Undeploying web application at '/ImagePreprocessing'
09-May-2017 12:19:11.901 INFO [http-nio-8080-exec-3] org.apache.catalina.core.ApplicationContext.log HTMLManager: list: Listing contexts for virtual host 'localhost'
09-May-2017 12:19:15.412 INFO [http-nio-8080-exec-15] org.apache.catalina.core.ApplicationContext.log HTMLManager: undeploy: Undeploying web application at '/ImagePreprocessing'
09-May-2017 12:19:15.420 INFO [http-nio-8080-exec-15] org.apache.catalina.core.ApplicationContext.log HTMLManager: list: Listing contexts for virtual host 'localhost'
09-May-2017 12:19:18.325 INFO [http-nio-8080-exec-2] org.apache.catalina.core.ApplicationContext.log HTMLManager: undeploy: Undeploying web application at '/ImagePreprocessing'
09-May-2017 12:19:18.333 INFO [http-nio-8080-exec-2] org.apache.catalina.core.ApplicationContext.log HTMLManager: list: Listing contexts for virtual host 'localhost'
09-May-2017 12:19:18.510 INFO [http-nio-8080-exec-1] org.apache.catalina.core.ApplicationContext.log HTMLManager: undeploy: Undeploying web application at '/ImagePreprocessing'
09-May-2017 12:19:18.514 INFO [http-nio-8080-exec-1] org.apache.catalina.core.ApplicationContext.log HTMLManager: list: Listing contexts for virtual host 'localhost'
09-May-2017 12:19:18.691 INFO [http-nio-8080-exec-13] org.apache.catalina.core.ApplicationContext.log HTMLManager: undeploy: Undeploying web application at '/ImagePreprocessing'
09-May-2017 12:19:18.695 INFO [http-nio-8080-exec-13] org.apache.catalina.core.ApplicationContext.log HTMLManager: list: Listing contexts for virtual host 'localhost'
09-May-2017 12:19:18.857 INFO [http-nio-8080-exec-16] org.apache.catalina.core.ApplicationContext.log HTMLManager: undeploy: Undeploying web application at '/ImagePreprocessing'
09-May-2017 12:19:18.865 INFO [http-nio-8080-exec-16] org.apache.catalina.core.ApplicationContext.log HTMLManager: list: Listing contexts for virtual host 'localhost'
09-May-2017 12:19:19.028 INFO [http-nio-8080-exec-9] org.apache.catalina.core.ApplicationContext.log HTMLManager: undeploy: Undeploying web application at '/ImagePreprocessing'
09-May-2017 12:19:19.032 INFO [http-nio-8080-exec-9] org.apache.catalina.core.ApplicationContext.log HTMLManager: list: Listing contexts for virtual host 'localhost'
09-May-2017 12:19:19.240 INFO [http-nio-8080-exec-14] org.apache.catalina.core.ApplicationContext.log HTMLManager: undeploy: Undeploying web application at '/ImagePreprocessing'
09-May-2017 12:19:19.244 INFO [http-nio-8080-exec-14] org.apache.catalina.core.ApplicationContext.log HTMLManager: list: Listing contexts for virtual host 'localhost'
09-May-2017 12:19:19.386 INFO [http-nio-8080-exec-11] org.apache.catalina.core.ApplicationContext.log HTMLManager: undeploy: Undeploying web application at '/ImagePreprocessing'
09-May-2017 12:19:19.394 INFO [http-nio-8080-exec-11] org.apache.catalina.core.ApplicationContext.log HTMLManager: list: Listing contexts for virtual host 'localhost'
09-May-2017 12:19:19.555 INFO [http-nio-8080-exec-3] org.apache.catalina.core.ApplicationContext.log HTMLManager: undeploy: Undeploying web application at '/ImagePreprocessing'
09-May-2017 12:19:19.563 INFO [http-nio-8080-exec-3] org.apache.catalina.core.ApplicationContext.log HTMLManager: list: Listing contexts for virtual host 'localhost'
09-May-2017 12:19:19.736 INFO [http-nio-8080-exec-15] org.apache.catalina.core.ApplicationContext.log HTMLManager: undeploy: Undeploying web application at '/ImagePreprocessing'
09-May-2017 12:19:19.744 INFO [http-nio-8080-exec-15] org.apache.catalina.core.ApplicationContext.log HTMLManager: list: Listing contexts for virtual host 'localhost'
09-May-2017 12:19:19.923 INFO [http-nio-8080-exec-17] org.apache.catalina.core.ApplicationContext.log HTMLManager: undeploy: Undeploying web application at '/ImagePreprocessing'
09-May-2017 12:19:19.927 INFO [http-nio-8080-exec-17] org.apache.catalina.core.ApplicationContext.log HTMLManager: list: Listing contexts for virtual host 'localhost'
09-May-2017 12:19:20.278 INFO [http-nio-8080-exec-18] org.apache.catalina.core.ApplicationContext.log HTMLManager: undeploy: Undeploying web application at '/ImagePreprocessing'
09-May-2017 12:19:20.286 INFO [http-nio-8080-exec-18] org.apache.catalina.core.ApplicationContext.log HTMLManager: list: Listing contexts for virtual host 'localhost'
09-May-2017 12:19:20.514 INFO [http-nio-8080-exec-1] org.apache.catalina.core.ApplicationContext.log HTMLManager: undeploy: Undeploying web application at '/ImagePreprocessing'
09-May-2017 12:19:20.518 INFO [http-nio-8080-exec-1] org.apache.catalina.core.ApplicationContext.log HTMLManager: list: Listing contexts for virtual host 'localhost'
09-May-2017 12:19:20.743 INFO [http-nio-8080-exec-13] org.apache.catalina.core.ApplicationContext.log HTMLManager: undeploy: Undeploying web application at '/ImagePreprocessing'
09-May-2017 12:19:20.751 INFO [http-nio-8080-exec-13] org.apache.catalina.core.ApplicationContext.log HTMLManager: list: Listing contexts for virtual host 'localhost'
09-May-2017 12:19:21.540 INFO [http-nio-8080-exec-16] org.apache.catalina.core.ApplicationContext.log HTMLManager: undeploy: Undeploying web application at '/ImagePreprocessing'
09-May-2017 12:19:21.544 INFO [http-nio-8080-exec-16] org.apache.catalina.core.ApplicationContext.log HTMLManager: list: Listing contexts for virtual host 'localhost'
09-May-2017 12:19:21.723 INFO [http-nio-8080-exec-9] org.apache.catalina.core.ApplicationContext.log HTMLManager: undeploy: Undeploying web application at '/ImagePreprocessing'
09-May-2017 12:19:21.727 INFO [http-nio-8080-exec-9] org.apache.catalina.core.ApplicationContext.log HTMLManager: list: Listing contexts for virtual host 'localhost'
09-May-2017 12:19:21.903 INFO [http-nio-8080-exec-14] org.apache.catalina.core.ApplicationContext.log HTMLManager: undeploy: Undeploying web application at '/ImagePreprocessing'
09-May-2017 12:19:21.911 INFO [http-nio-8080-exec-14] org.apache.catalina.core.ApplicationContext.log HTMLManager: list: Listing contexts for virtual host 'localhost'
09-May-2017 12:19:22.107 INFO [http-nio-8080-exec-19] org.apache.catalina.core.ApplicationContext.log HTMLManager: undeploy: Undeploying web application at '/ImagePreprocessing'
09-May-2017 12:19:22.111 INFO [http-nio-8080-exec-19] org.apache.catalina.core.ApplicationContext.log HTMLManager: list: Listing contexts for virtual host 'localhost'
09-May-2017 12:19:22.298 INFO [http-nio-8080-exec-3] org.apache.catalina.core.ApplicationContext.log HTMLManager: undeploy: Undeploying web application at '/ImagePreprocessing'
09-May-2017 12:19:22.302 INFO [http-nio-8080-exec-3] org.apache.catalina.core.ApplicationContext.log HTMLManager: list: Listing contexts for virtual host 'localhost'
09-May-2017 12:19:23.552 INFO [http-nio-8080-exec-15] org.apache.catalina.core.ApplicationContext.log HTMLManager: undeploy: Undeploying web application at '/ImagePreprocessing'
09-May-2017 12:19:23.560 INFO [http-nio-8080-exec-15] org.apache.catalina.core.ApplicationContext.log HTMLManager: list: Listing contexts for virtual host 'localhost'
09-May-2017 12:19:24.094 INFO [http-nio-8080-exec-17] org.apache.catalina.core.ApplicationContext.log HTMLManager: undeploy: Undeploying web application at '/ImagePreprocessing'
09-May-2017 12:19:24.098 INFO [http-nio-8080-exec-17] org.apache.catalina.core.ApplicationContext.log HTMLManager: list: Listing contexts for virtual host 'localhost'
09-May-2017 12:19:48.296 INFO [http-nio-8080-exec-20] org.apache.catalina.core.ApplicationContext.log HTMLManager: undeploy: Undeploying web application at '/ImagePreprocessing'
09-May-2017 12:19:48.304 INFO [http-nio-8080-exec-20] org.apache.catalina.core.ApplicationContext.log HTMLManager: list: Listing contexts for virtual host 'localhost'
09-May-2017 12:19:48.482 INFO [http-nio-8080-exec-13] org.apache.catalina.core.ApplicationContext.log HTMLManager: undeploy: Undeploying web application at '/ImagePreprocessing'
09-May-2017 12:19:48.490 INFO [http-nio-8080-exec-13] org.apache.catalina.core.ApplicationContext.log HTMLManager: list: Listing contexts for virtual host 'localhost'
09-May-2017 12:19:48.634 INFO [http-nio-8080-exec-16] org.apache.catalina.core.ApplicationContext.log HTMLManager: undeploy: Undeploying web application at '/ImagePreprocessing'
09-May-2017 12:19:48.646 INFO [http-nio-8080-exec-16] org.apache.catalina.core.ApplicationContext.log HTMLManager: list: Listing contexts for virtual host 'localhost'
09-May-2017 12:19:51.064 INFO [http-nio-8080-exec-21] org.apache.catalina.core.ApplicationContext.log HTMLManager: undeploy: Undeploying web application at '/ImagePreprocessing'
09-May-2017 12:19:51.068 INFO [http-nio-8080-exec-21] org.apache.catalina.core.ApplicationContext.log HTMLManager: list: Listing contexts for virtual host 'localhost'
09-May-2017 12:19:53.403 INFO [http-nio-8080-exec-19] org.apache.catalina.core.ApplicationContext.log HTMLManager: undeploy: Undeploying web application at '/ImagePreprocessing'
09-May-2017 12:19:53.411 INFO [http-nio-8080-exec-19] org.apache.catalina.core.ApplicationContext.log HTMLManager: list: Listing contexts for virtual host 'localhost'
09-May-2017 12:20:46.784 INFO [http-nio-8080-exec-21] org.apache.catalina.core.ApplicationContext.log HTMLManager: list: Listing contexts for virtual host 'localhost'
09-May-2017 12:20:49.355 INFO [http-nio-8080-exec-14] org.apache.catalina.core.ApplicationContext.log HTMLManager: undeploy: Undeploying web application at '/ImagePreprocessing'
09-May-2017 12:20:49.363 INFO [http-nio-8080-exec-14] org.apache.catalina.core.ApplicationContext.log HTMLManager: list: Listing contexts for virtual host 'localhost'
09-May-2017 12:20:51.008 INFO [http-nio-8080-exec-19] org.apache.catalina.core.ApplicationContext.log HTMLManager: undeploy: Undeploying web application at '/ImagePreprocessing'
09-May-2017 12:20:51.016 INFO [http-nio-8080-exec-19] org.apache.catalina.core.ApplicationContext.log HTMLManager: list: Listing contexts for virtual host 'localhost'
09-May-2017 12:20:51.204 INFO [http-nio-8080-exec-23] org.apache.catalina.core.ApplicationContext.log HTMLManager: undeploy: Undeploying web application at '/ImagePreprocessing'
09-May-2017 12:20:51.212 INFO [http-nio-8080-exec-23] org.apache.catalina.core.ApplicationContext.log HTMLManager: list: Listing contexts for virtual host 'localhost'
09-May-2017 12:20:51.373 INFO [http-nio-8080-exec-18] org.apache.catalina.core.ApplicationContext.log HTMLManager: undeploy: Undeploying web application at '/ImagePreprocessing'
09-May-2017 12:20:51.381 INFO [http-nio-8080-exec-18] org.apache.catalina.core.ApplicationContext.log HTMLManager: list: Listing contexts for virtual host 'localhost'
09-May-2017 12:20:51.616 INFO [http-nio-8080-exec-20] org.apache.catalina.core.ApplicationContext.log HTMLManager: undeploy: Undeploying web application at '/ImagePreprocessing'
09-May-2017 12:20:51.620 INFO [http-nio-8080-exec-20] org.apache.catalina.core.ApplicationContext.log HTMLManager: list: Listing contexts for virtual host 'localhost'
09-May-2017 12:20:51.829 INFO [http-nio-8080-exec-22] org.apache.catalina.core.ApplicationContext.log HTMLManager: undeploy: Undeploying web application at '/ImagePreprocessing'
09-May-2017 12:20:51.833 INFO [http-nio-8080-exec-22] org.apache.catalina.core.ApplicationContext.log HTMLManager: list: Listing contexts for virtual host 'localhost'
09-May-2017 12:20:52.031 INFO [http-nio-8080-exec-17] org.apache.catalina.core.ApplicationContext.log HTMLManager: undeploy: Undeploying web application at '/ImagePreprocessing'
09-May-2017 12:20:52.035 INFO [http-nio-8080-exec-17] org.apache.catalina.core.ApplicationContext.log HTMLManager: list: Listing contexts for virtual host 'localhost'
09-May-2017 12:20:52.271 INFO [http-nio-8080-exec-15] org.apache.catalina.core.ApplicationContext.log HTMLManager: undeploy: Undeploying web application at '/ImagePreprocessing'
09-May-2017 12:20:52.275 INFO [http-nio-8080-exec-15] org.apache.catalina.core.ApplicationContext.log HTMLManager: list: Listing contexts for virtual host 'localhost'
09-May-2017 12:20:52.487 INFO [http-nio-8080-exec-16] org.apache.catalina.core.ApplicationContext.log HTMLManager: undeploy: Undeploying web application at '/ImagePreprocessing'
09-May-2017 12:20:52.491 INFO [http-nio-8080-exec-16] org.apache.catalina.core.ApplicationContext.log HTMLManager: list: Listing contexts for virtual host 'localhost'
09-May-2017 12:20:52.704 INFO [http-nio-8080-exec-21] org.apache.catalina.core.ApplicationContext.log HTMLManager: undeploy: Undeploying web application at '/ImagePreprocessing'
09-May-2017 12:20:52.708 INFO [http-nio-8080-exec-21] org.apache.catalina.core.ApplicationContext.log HTMLManager: list: Listing contexts for virtual host 'localhost'
09-May-2017 12:20:52.917 INFO [http-nio-8080-exec-14] org.apache.catalina.core.ApplicationContext.log HTMLManager: undeploy: Undeploying web application at '/ImagePreprocessing'
09-May-2017 12:20:52.921 INFO [http-nio-8080-exec-14] org.apache.catalina.core.ApplicationContext.log HTMLManager: list: Listing contexts for virtual host 'localhost'
09-May-2017 12:20:53.247 INFO [http-nio-8080-exec-19] org.apache.catalina.core.ApplicationContext.log HTMLManager: undeploy: Undeploying web application at '/ImagePreprocessing'
09-May-2017 12:20:53.255 INFO [http-nio-8080-exec-19] org.apache.catalina.core.ApplicationContext.log HTMLManager: list: Listing contexts for virtual host 'localhost'
09-May-2017 12:20:53.463 INFO [http-nio-8080-exec-23] org.apache.catalina.core.ApplicationContext.log HTMLManager: undeploy: Undeploying web application at '/ImagePreprocessing'
09-May-2017 12:20:53.471 INFO [http-nio-8080-exec-23] org.apache.catalina.core.ApplicationContext.log HTMLManager: list: Listing contexts for virtual host 'localhost'
09-May-2017 12:20:53.691 INFO [http-nio-8080-exec-18] org.apache.catalina.core.ApplicationContext.log HTMLManager: undeploy: Undeploying web application at '/ImagePreprocessing'
09-May-2017 12:20:53.695 INFO [http-nio-8080-exec-18] org.apache.catalina.core.ApplicationContext.log HTMLManager: list: Listing contexts for virtual host 'localhost'
09-May-2017 12:22:10.197 INFO [http-nio-8080-exec-2] org.apache.catalina.core.ApplicationContext.log HTMLManager: init: Associated with Deployer 'Catalina:type=Deployer,host=localhost'
09-May-2017 12:22:10.197 INFO [http-nio-8080-exec-2] org.apache.catalina.core.ApplicationContext.log HTMLManager: init: Global resources are available
09-May-2017 12:22:10.209 INFO [http-nio-8080-exec-2] org.apache.catalina.core.ApplicationContext.log HTMLManager: list: Listing contexts for virtual host 'localhost'
09-May-2017 12:22:12.694 INFO [http-nio-8080-exec-4] org.apache.catalina.core.ApplicationContext.log HTMLManager: undeploy: Undeploying web application at '/ImagePreprocessing'
09-May-2017 12:22:13.226 INFO [http-nio-8080-exec-4] org.apache.catalina.core.ApplicationContext.log HTMLManager: list: Listing contexts for virtual host 'localhost'
09-May-2017 12:22:26.360 INFO [http-nio-8080-exec-2] org.apache.catalina.core.ApplicationContext.log HTMLManager: list: Listing contexts for virtual host 'localhost'
09-May-2017 12:59:29.811 INFO [http-nio-8080-exec-3] org.apache.catalina.core.ApplicationContext.log HTMLManager: init: Associated with Deployer 'Catalina:type=Deployer,host=localhost'
09-May-2017 12:59:29.811 INFO [http-nio-8080-exec-3] org.apache.catalina.core.ApplicationContext.log HTMLManager: init: Global resources are available
09-May-2017 12:59:29.820 INFO [http-nio-8080-exec-3] org.apache.catalina.core.ApplicationContext.log HTMLManager: list: Listing contexts for virtual host 'localhost'
09-May-2017 12:59:33.235 INFO [http-nio-8080-exec-4] org.apache.catalina.core.ApplicationContext.log HTMLManager: undeploy: Undeploying web application at '/ImagePreprocessing'
09-May-2017 12:59:33.803 INFO [http-nio-8080-exec-4] org.apache.catalina.core.ApplicationContext.log HTMLManager: list: Listing contexts for virtual host 'localhost'
09-May-2017 12:59:47.729 INFO [http-nio-8080-exec-2] org.apache.catalina.core.ApplicationContext.log HTMLManager: list: Listing contexts for virtual host 'localhost'
09-May-2017 13:02:15.937 INFO [http-nio-8080-exec-11] org.apache.catalina.core.ApplicationContext.log HTMLManager: undeploy: Undeploying web application at '/ImagePreprocessing'
09-May-2017 13:02:15.977 INFO [http-nio-8080-exec-11] org.apache.catalina.core.ApplicationContext.log HTMLManager: list: Listing contexts for virtual host 'localhost'
09-May-2017 13:02:17.653 INFO [http-nio-8080-exec-7] org.apache.catalina.core.ApplicationContext.log HTMLManager: undeploy: Undeploying web application at '/ImagePreprocessing'
09-May-2017 13:02:17.665 INFO [http-nio-8080-exec-7] org.apache.catalina.core.ApplicationContext.log HTMLManager: list: Listing contexts for virtual host 'localhost'
09-May-2017 13:02:18.828 INFO [http-nio-8080-exec-12] org.apache.catalina.core.ApplicationContext.log HTMLManager: undeploy: Undeploying web application at '/ImagePreprocessing'
09-May-2017 13:02:18.836 INFO [http-nio-8080-exec-12] org.apache.catalina.core.ApplicationContext.log HTMLManager: list: Listing contexts for virtual host 'localhost'
09-May-2017 13:02:18.983 INFO [http-nio-8080-exec-13] org.apache.catalina.core.ApplicationContext.log HTMLManager: undeploy: Undeploying web application at '/ImagePreprocessing'
09-May-2017 13:02:18.991 INFO [http-nio-8080-exec-13] org.apache.catalina.core.ApplicationContext.log HTMLManager: list: Listing contexts for virtual host 'localhost'
09-May-2017 13:02:19.920 INFO [http-nio-8080-exec-15] org.apache.catalina.core.ApplicationContext.log HTMLManager: undeploy: Undeploying web application at '/ImagePreprocessing'
09-May-2017 13:02:19.928 INFO [http-nio-8080-exec-15] org.apache.catalina.core.ApplicationContext.log HTMLManager: list: Listing contexts for virtual host 'localhost'
09-May-2017 13:02:20.821 INFO [http-nio-8080-exec-18] org.apache.catalina.core.ApplicationContext.log HTMLManager: undeploy: Undeploying web application at '/ImagePreprocessing'
09-May-2017 13:02:20.825 INFO [http-nio-8080-exec-18] org.apache.catalina.core.ApplicationContext.log HTMLManager: list: Listing contexts for virtual host 'localhost'
09-May-2017 13:02:21.074 INFO [http-nio-8080-exec-14] org.apache.catalina.core.ApplicationContext.log HTMLManager: undeploy: Undeploying web application at '/ImagePreprocessing'
09-May-2017 13:02:21.078 INFO [http-nio-8080-exec-14] org.apache.catalina.core.ApplicationContext.log HTMLManager: list: Listing contexts for virtual host 'localhost'
09-May-2017 13:02:21.361 INFO [http-nio-8080-exec-10] org.apache.catalina.core.ApplicationContext.log HTMLManager: undeploy: Undeploying web application at '/ImagePreprocessing'
09-May-2017 13:02:21.369 INFO [http-nio-8080-exec-10] org.apache.catalina.core.ApplicationContext.log HTMLManager: list: Listing contexts for virtual host 'localhost'
09-May-2017 13:02:21.641 INFO [http-nio-8080-exec-16] org.apache.catalina.core.ApplicationContext.log HTMLManager: undeploy: Undeploying web application at '/ImagePreprocessing'
09-May-2017 13:02:21.645 INFO [http-nio-8080-exec-16] org.apache.catalina.core.ApplicationContext.log HTMLManager: list: Listing contexts for virtual host 'localhost'
09-May-2017 13:02:22.096 INFO [http-nio-8080-exec-19] org.apache.catalina.core.ApplicationContext.log HTMLManager: undeploy: Undeploying web application at '/ImagePreprocessing'
09-May-2017 13:02:22.104 INFO [http-nio-8080-exec-19] org.apache.catalina.core.ApplicationContext.log HTMLManager: list: Listing contexts for virtual host 'localhost'
09-May-2017 13:02:24.691 INFO [http-nio-8080-exec-17] org.apache.catalina.core.ApplicationContext.log HTMLManager: undeploy: Undeploying web application at '/ImagePreprocessing'
09-May-2017 13:02:24.699 INFO [http-nio-8080-exec-17] org.apache.catalina.core.ApplicationContext.log HTMLManager: list: Listing contexts for virtual host 'localhost'
09-May-2017 13:02:26.787 INFO [http-nio-8080-exec-21] org.apache.catalina.core.ApplicationContext.log HTMLManager: undeploy: Undeploying web application at '/ImagePreprocessing'
09-May-2017 13:02:26.795 INFO [http-nio-8080-exec-21] org.apache.catalina.core.ApplicationContext.log HTMLManager: list: Listing contexts for virtual host 'localhost'
09-May-2017 13:02:27.355 INFO [http-nio-8080-exec-13] org.apache.catalina.core.ApplicationContext.log HTMLManager: undeploy: Undeploying web application at '/ImagePreprocessing'
09-May-2017 13:02:27.363 INFO [http-nio-8080-exec-13] org.apache.catalina.core.ApplicationContext.log HTMLManager: list: Listing contexts for virtual host 'localhost'
09-May-2017 13:02:27.669 INFO [http-nio-8080-exec-22] org.apache.catalina.core.ApplicationContext.log HTMLManager: undeploy: Undeploying web application at '/ImagePreprocessing'
09-May-2017 13:02:27.677 INFO [http-nio-8080-exec-22] org.apache.catalina.core.ApplicationContext.log HTMLManager: list: Listing contexts for virtual host 'localhost'
09-May-2017 13:02:27.909 INFO [http-nio-8080-exec-18] org.apache.catalina.core.ApplicationContext.log HTMLManager: undeploy: Undeploying web application at '/ImagePreprocessing'
09-May-2017 13:02:27.913 INFO [http-nio-8080-exec-18] org.apache.catalina.core.ApplicationContext.log HTMLManager: list: Listing contexts for virtual host 'localhost'
09-May-2017 13:02:28.173 INFO [http-nio-8080-exec-23] org.apache.catalina.core.ApplicationContext.log HTMLManager: undeploy: Undeploying web application at '/ImagePreprocessing'
09-May-2017 13:02:28.181 INFO [http-nio-8080-exec-23] org.apache.catalina.core.ApplicationContext.log HTMLManager: list: Listing contexts for virtual host 'localhost'
09-May-2017 13:02:28.421 INFO [http-nio-8080-exec-10] org.apache.catalina.core.ApplicationContext.log HTMLManager: undeploy: Undeploying web application at '/ImagePreprocessing'
09-May-2017 13:02:28.425 INFO [http-nio-8080-exec-10] org.apache.catalina.core.ApplicationContext.log HTMLManager: list: Listing contexts for virtual host 'localhost'
09-May-2017 13:02:36.219 INFO [http-nio-8080-exec-18] org.apache.catalina.core.ApplicationContext.log HTMLManager: list: Listing contexts for virtual host 'localhost'
09-May-2017 13:02:38.403 INFO [http-nio-8080-exec-23] org.apache.catalina.core.ApplicationContext.log HTMLManager: undeploy: Undeploying web application at '/ImagePreprocessing'
09-May-2017 13:02:38.407 INFO [http-nio-8080-exec-23] org.apache.catalina.core.ApplicationContext.log HTMLManager: list: Listing contexts for virtual host 'localhost'
09-May-2017 13:02:39.477 INFO [http-nio-8080-exec-27] org.apache.catalina.core.ApplicationContext.log HTMLManager: undeploy: Undeploying web application at '/ImagePreprocessing'
09-May-2017 13:02:39.481 INFO [http-nio-8080-exec-27] org.apache.catalina.core.ApplicationContext.log HTMLManager: list: Listing contexts for virtual host 'localhost'
09-May-2017 13:02:40.061 INFO [http-nio-8080-exec-24] org.apache.catalina.core.ApplicationContext.log HTMLManager: undeploy: Undeploying web application at '/ImagePreprocessing'
09-May-2017 13:02:40.069 INFO [http-nio-8080-exec-24] org.apache.catalina.core.ApplicationContext.log HTMLManager: list: Listing contexts for virtual host 'localhost'
09-May-2017 13:02:40.510 INFO [http-nio-8080-exec-21] org.apache.catalina.core.ApplicationContext.log HTMLManager: undeploy: Undeploying web application at '/ImagePreprocessing'
09-May-2017 13:02:40.514 INFO [http-nio-8080-exec-21] org.apache.catalina.core.ApplicationContext.log HTMLManager: list: Listing contexts for virtual host 'localhost'
09-May-2017 13:02:40.714 INFO [http-nio-8080-exec-20] org.apache.catalina.core.ApplicationContext.log HTMLManager: undeploy: Undeploying web application at '/ImagePreprocessing'
09-May-2017 13:02:40.718 INFO [http-nio-8080-exec-20] org.apache.catalina.core.ApplicationContext.log HTMLManager: list: Listing contexts for virtual host 'localhost'
09-May-2017 13:02:40.887 INFO [http-nio-8080-exec-26] org.apache.catalina.core.ApplicationContext.log HTMLManager: undeploy: Undeploying web application at '/ImagePreprocessing'
09-May-2017 13:02:40.891 INFO [http-nio-8080-exec-26] org.apache.catalina.core.ApplicationContext.log HTMLManager: list: Listing contexts for virtual host 'localhost'
09-May-2017 13:02:41.084 INFO [http-nio-8080-exec-25] org.apache.catalina.core.ApplicationContext.log HTMLManager: undeploy: Undeploying web application at '/ImagePreprocessing'
09-May-2017 13:02:41.088 INFO [http-nio-8080-exec-25] org.apache.catalina.core.ApplicationContext.log HTMLManager: list: Listing contexts for virtual host 'localhost'
09-May-2017 13:02:41.239 INFO [http-nio-8080-exec-28] org.apache.catalina.core.ApplicationContext.log HTMLManager: undeploy: Undeploying web application at '/ImagePreprocessing'
09-May-2017 13:02:41.243 INFO [http-nio-8080-exec-28] org.apache.catalina.core.ApplicationContext.log HTMLManager: list: Listing contexts for virtual host 'localhost'
09-May-2017 13:02:41.407 INFO [http-nio-8080-exec-22] org.apache.catalina.core.ApplicationContext.log HTMLManager: undeploy: Undeploying web application at '/ImagePreprocessing'
09-May-2017 13:02:41.411 INFO [http-nio-8080-exec-22] org.apache.catalina.core.ApplicationContext.log HTMLManager: list: Listing contexts for virtual host 'localhost'
09-May-2017 13:02:41.560 INFO [http-nio-8080-exec-29] org.apache.catalina.core.ApplicationContext.log HTMLManager: undeploy: Undeploying web application at '/ImagePreprocessing'
09-May-2017 13:02:41.568 INFO [http-nio-8080-exec-29] org.apache.catalina.core.ApplicationContext.log HTMLManager: list: Listing contexts for virtual host 'localhost'
09-May-2017 13:02:41.719 INFO [http-nio-8080-exec-23] org.apache.catalina.core.ApplicationContext.log HTMLManager: undeploy: Undeploying web application at '/ImagePreprocessing'
09-May-2017 13:02:41.723 INFO [http-nio-8080-exec-23] org.apache.catalina.core.ApplicationContext.log HTMLManager: list: Listing contexts for virtual host 'localhost'
09-May-2017 13:02:41.908 INFO [http-nio-8080-exec-27] org.apache.catalina.core.ApplicationContext.log HTMLManager: undeploy: Undeploying web application at '/ImagePreprocessing'
09-May-2017 13:02:41.912 INFO [http-nio-8080-exec-27] org.apache.catalina.core.ApplicationContext.log HTMLManager: list: Listing contexts for virtual host 'localhost'
09-May-2017 13:02:42.044 INFO [http-nio-8080-exec-24] org.apache.catalina.core.ApplicationContext.log HTMLManager: undeploy: Undeploying web application at '/ImagePreprocessing'
09-May-2017 13:02:42.052 INFO [http-nio-8080-exec-24] org.apache.catalina.core.ApplicationContext.log HTMLManager: list: Listing contexts for virtual host 'localhost'
09-May-2017 13:02:42.230 INFO [http-nio-8080-exec-21] org.apache.catalina.core.ApplicationContext.log HTMLManager: undeploy: Undeploying web application at '/ImagePreprocessing'
09-May-2017 13:02:42.234 INFO [http-nio-8080-exec-21] org.apache.catalina.core.ApplicationContext.log HTMLManager: list: Listing contexts for virtual host 'localhost'
09-May-2017 13:03:35.392 INFO [http-nio-8080-exec-1] org.apache.catalina.core.ApplicationContext.log HTMLManager: init: Associated with Deployer 'Catalina:type=Deployer,host=localhost'
09-May-2017 13:03:35.392 INFO [http-nio-8080-exec-1] org.apache.catalina.core.ApplicationContext.log HTMLManager: init: Global resources are available
09-May-2017 13:03:44.770 INFO [http-nio-8080-exec-3] org.apache.catalina.core.ApplicationContext.log HTMLManager: list: Listing contexts for virtual host 'localhost'
09-May-2017 13:03:47.071 INFO [http-nio-8080-exec-6] org.apache.catalina.core.ApplicationContext.log HTMLManager: undeploy: Undeploying web application at '/ImagePreprocessing'
09-May-2017 13:03:47.604 INFO [http-nio-8080-exec-6] org.apache.catalina.core.ApplicationContext.log HTMLManager: list: Listing contexts for virtual host 'localhost'
09-May-2017 13:03:59.896 INFO [http-nio-8080-exec-7] org.apache.catalina.core.ApplicationContext.log HTMLManager: list: Listing contexts for virtual host 'localhost'
09-May-2017 18:58:36.238 INFO [http-nio-8080-exec-9] org.apache.catalina.core.ApplicationContext.log HTMLManager: init: Associated with Deployer 'Catalina:type=Deployer,host=localhost'
09-May-2017 18:58:36.238 INFO [http-nio-8080-exec-9] org.apache.catalina.core.ApplicationContext.log HTMLManager: init: Global resources are available
09-May-2017 18:58:36.284 INFO [http-nio-8080-exec-9] org.apache.catalina.core.ApplicationContext.log HTMLManager: list: Listing contexts for virtual host 'localhost'
09-May-2017 18:58:49.480 INFO [http-nio-8080-exec-10] org.apache.catalina.core.ApplicationContext.log HTMLManager: undeploy: Undeploying web application at '/ImagePreprocessing'
09-May-2017 18:58:50.079 INFO [http-nio-8080-exec-10] org.apache.catalina.core.ApplicationContext.log HTMLManager: list: Listing contexts for virtual host 'localhost'
09-May-2017 18:59:03.813 INFO [http-nio-8080-exec-7] org.apache.catalina.core.ApplicationContext.log HTMLManager: list: Listing contexts for virtual host 'localhost'
09-May-2017 19:03:14.159 INFO [http-nio-8080-exec-12] org.apache.catalina.core.ApplicationContext.log HTMLManager: undeploy: Undeploying web application at '/ImagePreprocessing'
09-May-2017 19:03:14.204 INFO [http-nio-8080-exec-12] org.apache.catalina.core.ApplicationContext.log HTMLManager: list: Listing contexts for virtual host 'localhost'
09-May-2017 19:03:15.385 INFO [http-nio-8080-exec-11] org.apache.catalina.core.ApplicationContext.log HTMLManager: undeploy: Undeploying web application at '/ImagePreprocessing'
09-May-2017 19:03:15.391 INFO [http-nio-8080-exec-11] org.apache.catalina.core.ApplicationContext.log HTMLManager: list: Listing contexts for virtual host 'localhost'
09-May-2017 19:03:16.675 INFO [http-nio-8080-exec-15] org.apache.catalina.core.ApplicationContext.log HTMLManager: undeploy: Undeploying web application at '/ImagePreprocessing'
09-May-2017 19:03:16.682 INFO [http-nio-8080-exec-15] org.apache.catalina.core.ApplicationContext.log HTMLManager: list: Listing contexts for virtual host 'localhost'
09-May-2017 19:03:17.234 INFO [http-nio-8080-exec-6] org.apache.catalina.core.ApplicationContext.log HTMLManager: undeploy: Undeploying web application at '/ImagePreprocessing'
09-May-2017 19:03:17.239 INFO [http-nio-8080-exec-6] org.apache.catalina.core.ApplicationContext.log HTMLManager: list: Listing contexts for virtual host 'localhost'
09-May-2017 19:03:17.428 INFO [http-nio-8080-exec-1] org.apache.catalina.core.ApplicationContext.log HTMLManager: undeploy: Undeploying web application at '/ImagePreprocessing'
09-May-2017 19:03:17.434 INFO [http-nio-8080-exec-1] org.apache.catalina.core.ApplicationContext.log HTMLManager: list: Listing contexts for virtual host 'localhost'
09-May-2017 19:03:17.611 INFO [http-nio-8080-exec-9] org.apache.catalina.core.ApplicationContext.log HTMLManager: undeploy: Undeploying web application at '/ImagePreprocessing'
09-May-2017 19:03:17.617 INFO [http-nio-8080-exec-9] org.apache.catalina.core.ApplicationContext.log HTMLManager: list: Listing contexts for virtual host 'localhost'
09-May-2017 19:03:17.784 INFO [http-nio-8080-exec-16] org.apache.catalina.core.ApplicationContext.log HTMLManager: undeploy: Undeploying web application at '/ImagePreprocessing'
09-May-2017 19:03:17.790 INFO [http-nio-8080-exec-16] org.apache.catalina.core.ApplicationContext.log HTMLManager: list: Listing contexts for virtual host 'localhost'
09-May-2017 19:03:18.108 INFO [http-nio-8080-exec-17] org.apache.catalina.core.ApplicationContext.log HTMLManager: undeploy: Undeploying web application at '/ImagePreprocessing'
09-May-2017 19:03:18.115 INFO [http-nio-8080-exec-17] org.apache.catalina.core.ApplicationContext.log HTMLManager: list: Listing contexts for virtual host 'localhost'
09-May-2017 19:03:18.331 INFO [http-nio-8080-exec-13] org.apache.catalina.core.ApplicationContext.log HTMLManager: undeploy: Undeploying web application at '/ImagePreprocessing'
09-May-2017 19:03:18.337 INFO [http-nio-8080-exec-13] org.apache.catalina.core.ApplicationContext.log HTMLManager: list: Listing contexts for virtual host 'localhost'
09-May-2017 19:03:18.670 INFO [http-nio-8080-exec-14] org.apache.catalina.core.ApplicationContext.log HTMLManager: undeploy: Undeploying web application at '/ImagePreprocessing'
09-May-2017 19:03:18.676 INFO [http-nio-8080-exec-14] org.apache.catalina.core.ApplicationContext.log HTMLManager: list: Listing contexts for virtual host 'localhost'
09-May-2017 19:03:18.878 INFO [http-nio-8080-exec-18] org.apache.catalina.core.ApplicationContext.log HTMLManager: undeploy: Undeploying web application at '/ImagePreprocessing'
09-May-2017 19:03:18.884 INFO [http-nio-8080-exec-18] org.apache.catalina.core.ApplicationContext.log HTMLManager: list: Listing contexts for virtual host 'localhost'
09-May-2017 19:03:19.077 INFO [http-nio-8080-exec-19] org.apache.catalina.core.ApplicationContext.log HTMLManager: undeploy: Undeploying web application at '/ImagePreprocessing'
09-May-2017 19:03:19.084 INFO [http-nio-8080-exec-19] org.apache.catalina.core.ApplicationContext.log HTMLManager: list: Listing contexts for virtual host 'localhost'
09-May-2017 19:03:19.271 INFO [http-nio-8080-exec-20] org.apache.catalina.core.ApplicationContext.log HTMLManager: undeploy: Undeploying web application at '/ImagePreprocessing'
09-May-2017 19:03:19.277 INFO [http-nio-8080-exec-20] org.apache.catalina.core.ApplicationContext.log HTMLManager: list: Listing contexts for virtual host 'localhost'
09-May-2017 19:03:19.429 INFO [http-nio-8080-exec-6] org.apache.catalina.core.ApplicationContext.log HTMLManager: undeploy: Undeploying web application at '/ImagePreprocessing'
09-May-2017 19:03:19.435 INFO [http-nio-8080-exec-6] org.apache.catalina.core.ApplicationContext.log HTMLManager: list: Listing contexts for virtual host 'localhost'
09-May-2017 19:03:19.588 INFO [http-nio-8080-exec-1] org.apache.catalina.core.ApplicationContext.log HTMLManager: undeploy: Undeploying web application at '/ImagePreprocessing'
09-May-2017 19:03:19.747 INFO [http-nio-8080-exec-9] org.apache.catalina.core.ApplicationContext.log HTMLManager: undeploy: Undeploying web application at '/ImagePreprocessing'
09-May-2017 19:03:20.079 INFO [http-nio-8080-exec-9] org.apache.catalina.core.ApplicationContext.log HTMLManager: list: Listing contexts for virtual host 'localhost'
09-May-2017 19:03:20.079 INFO [http-nio-8080-exec-1] org.apache.catalina.core.ApplicationContext.log HTMLManager: list: Listing contexts for virtual host 'localhost'
09-May-2017 19:03:33.004 INFO [http-nio-8080-exec-21] org.apache.catalina.core.ApplicationContext.log HTMLManager: list: Listing contexts for virtual host 'localhost'
09-May-2017 19:05:17.212 INFO [http-nio-8080-exec-1] org.apache.catalina.core.ApplicationContext.log HTMLManager: init: Associated with Deployer 'Catalina:type=Deployer,host=localhost'
09-May-2017 19:05:17.212 INFO [http-nio-8080-exec-1] org.apache.catalina.core.ApplicationContext.log HTMLManager: init: Global resources are available
09-May-2017 19:05:17.218 INFO [http-nio-8080-exec-1] org.apache.catalina.core.ApplicationContext.log HTMLManager: list: Listing contexts for virtual host 'localhost'
09-May-2017 19:05:19.555 INFO [http-nio-8080-exec-4] org.apache.catalina.core.ApplicationContext.log HTMLManager: undeploy: Undeploying web application at '/ImagePreprocessing'
09-May-2017 19:05:20.120 INFO [http-nio-8080-exec-4] org.apache.catalina.core.ApplicationContext.log HTMLManager: list: Listing contexts for virtual host 'localhost'
09-May-2017 19:05:31.820 INFO [http-nio-8080-exec-2] org.apache.catalina.core.ApplicationContext.log HTMLManager: list: Listing contexts for virtual host 'localhost'
09-May-2017 19:12:47.178 INFO [http-nio-8080-exec-12] org.apache.catalina.core.ApplicationContext.log HTMLManager: undeploy: Undeploying web application at '/ImagePreprocessing'
09-May-2017 19:12:47.220 INFO [http-nio-8080-exec-12] org.apache.catalina.core.ApplicationContext.log HTMLManager: list: Listing contexts for virtual host 'localhost'
09-May-2017 19:12:48.511 INFO [http-nio-8080-exec-13] org.apache.catalina.core.ApplicationContext.log HTMLManager: undeploy: Undeploying web application at '/ImagePreprocessing'
09-May-2017 19:12:48.518 INFO [http-nio-8080-exec-13] org.apache.catalina.core.ApplicationContext.log HTMLManager: list: Listing contexts for virtual host 'localhost'
09-May-2017 19:12:50.240 INFO [http-nio-8080-exec-18] org.apache.catalina.core.ApplicationContext.log HTMLManager: undeploy: Undeploying web application at '/ImagePreprocessing'
09-May-2017 19:12:50.249 INFO [http-nio-8080-exec-18] org.apache.catalina.core.ApplicationContext.log HTMLManager: list: Listing contexts for virtual host 'localhost'
09-May-2017 19:12:50.922 INFO [http-nio-8080-exec-17] org.apache.catalina.core.ApplicationContext.log HTMLManager: undeploy: Undeploying web application at '/ImagePreprocessing'
09-May-2017 19:12:50.955 INFO [http-nio-8080-exec-17] org.apache.catalina.core.ApplicationContext.log HTMLManager: list: Listing contexts for virtual host 'localhost'
09-May-2017 19:13:03.247 INFO [http-nio-8080-exec-20] org.apache.catalina.core.ApplicationContext.log HTMLManager: list: Listing contexts for virtual host 'localhost'
09-May-2017 19:13:47.071 INFO [http-nio-8080-exec-15] org.apache.catalina.core.ApplicationContext.log HTMLManager: list: Listing contexts for virtual host 'localhost'
09-May-2017 19:14:01.217 INFO [http-nio-8080-exec-22] org.apache.catalina.core.ApplicationContext.log HTMLManager: undeploy: Undeploying web application at '/ImagePreprocessing'
09-May-2017 19:14:01.759 INFO [http-nio-8080-exec-22] org.apache.catalina.core.ApplicationContext.log HTMLManager: list: Listing contexts for virtual host 'localhost'
09-May-2017 19:14:12.742 INFO [http-nio-8080-exec-14] org.apache.catalina.core.ApplicationContext.log HTMLManager: list: Listing contexts for virtual host 'localhost'
09-May-2017 19:15:51.177 INFO [http-nio-8080-exec-2] org.apache.catalina.core.ApplicationContext.log HTMLManager: init: Associated with Deployer 'Catalina:type=Deployer,host=localhost'
09-May-2017 19:15:51.177 INFO [http-nio-8080-exec-2] org.apache.catalina.core.ApplicationContext.log HTMLManager: init: Global resources are available
09-May-2017 19:15:51.187 INFO [http-nio-8080-exec-2] org.apache.catalina.core.ApplicationContext.log HTMLManager: list: Listing contexts for virtual host 'localhost'
09-May-2017 19:15:56.009 INFO [http-nio-8080-exec-3] org.apache.catalina.core.ApplicationContext.log HTMLManager: undeploy: Undeploying web application at '/ImagePreprocessing'
09-May-2017 19:15:56.575 INFO [http-nio-8080-exec-3] org.apache.catalina.core.ApplicationContext.log HTMLManager: list: Listing contexts for virtual host 'localhost'
09-May-2017 19:16:11.654 INFO [http-nio-8080-exec-5] org.apache.catalina.core.ApplicationContext.log HTMLManager: list: Listing contexts for virtual host 'localhost'
09-May-2017 19:28:47.070 INFO [http-nio-8080-exec-12] org.apache.catalina.core.ApplicationContext.log HTMLManager: undeploy: Undeploying web application at '/ImagePreprocessing'
09-May-2017 19:28:47.113 INFO [http-nio-8080-exec-12] org.apache.catalina.core.ApplicationContext.log HTMLManager: list: Listing contexts for virtual host 'localhost'
09-May-2017 19:28:48.187 INFO [http-nio-8080-exec-11] org.apache.catalina.core.ApplicationContext.log HTMLManager: undeploy: Undeploying web application at '/ImagePreprocessing'
09-May-2017 19:28:48.193 INFO [http-nio-8080-exec-11] org.apache.catalina.core.ApplicationContext.log HTMLManager: list: Listing contexts for virtual host 'localhost'
09-May-2017 19:28:49.724 INFO [http-nio-8080-exec-17] org.apache.catalina.core.ApplicationContext.log HTMLManager: undeploy: Undeploying web application at '/ImagePreprocessing'
09-May-2017 19:28:49.731 INFO [http-nio-8080-exec-17] org.apache.catalina.core.ApplicationContext.log HTMLManager: list: Listing contexts for virtual host 'localhost'
09-May-2017 19:28:51.122 INFO [http-nio-8080-exec-16] org.apache.catalina.core.ApplicationContext.log HTMLManager: undeploy: Undeploying web application at '/ImagePreprocessing'
09-May-2017 19:28:51.651 INFO [http-nio-8080-exec-16] org.apache.catalina.core.ApplicationContext.log HTMLManager: list: Listing contexts for virtual host 'localhost'
09-May-2017 19:29:02.138 INFO [http-nio-8080-exec-23] org.apache.catalina.core.ApplicationContext.log HTMLManager: list: Listing contexts for virtual host 'localhost'
09-May-2017 19:30:28.760 INFO [http-nio-8080-exec-1] org.apache.catalina.core.ApplicationContext.log HTMLManager: init: Associated with Deployer 'Catalina:type=Deployer,host=localhost'
09-May-2017 19:30:28.760 INFO [http-nio-8080-exec-1] org.apache.catalina.core.ApplicationContext.log HTMLManager: init: Global resources are available
09-May-2017 19:30:28.774 INFO [http-nio-8080-exec-1] org.apache.catalina.core.ApplicationContext.log HTMLManager: undeploy: Undeploying web application at '/ImagePreprocessing'
09-May-2017 19:30:29.352 INFO [http-nio-8080-exec-1] org.apache.catalina.core.ApplicationContext.log HTMLManager: list: Listing contexts for virtual host 'localhost'
09-May-2017 19:30:41.899 INFO [http-nio-8080-exec-4] org.apache.catalina.core.ApplicationContext.log HTMLManager: list: Listing contexts for virtual host 'localhost'
09-May-2017 19:52:07.369 INFO [http-nio-8080-exec-13] org.apache.catalina.core.ApplicationContext.log HTMLManager: undeploy: Undeploying web application at '/ImagePreprocessing'
09-May-2017 19:52:07.410 INFO [http-nio-8080-exec-13] org.apache.catalina.core.ApplicationContext.log HTMLManager: list: Listing contexts for virtual host 'localhost'
09-May-2017 19:52:09.088 INFO [http-nio-8080-exec-17] org.apache.catalina.core.ApplicationContext.log HTMLManager: undeploy: Undeploying web application at '/ImagePreprocessing'
09-May-2017 19:52:09.101 INFO [http-nio-8080-exec-17] org.apache.catalina.core.ApplicationContext.log HTMLManager: list: Listing contexts for virtual host 'localhost'
09-May-2017 19:52:09.928 INFO [http-nio-8080-exec-16] org.apache.catalina.core.ApplicationContext.log HTMLManager: undeploy: Undeploying web application at '/ImagePreprocessing'
09-May-2017 19:52:09.935 INFO [http-nio-8080-exec-16] org.apache.catalina.core.ApplicationContext.log HTMLManager: list: Listing contexts for virtual host 'localhost'
09-May-2017 19:52:11.143 INFO [http-nio-8080-exec-21] org.apache.catalina.core.ApplicationContext.log HTMLManager: undeploy: Undeploying web application at '/ImagePreprocessing'
09-May-2017 19:52:11.149 INFO [http-nio-8080-exec-21] org.apache.catalina.core.ApplicationContext.log HTMLManager: list: Listing contexts for virtual host 'localhost'
09-May-2017 19:52:11.872 INFO [http-nio-8080-exec-15] org.apache.catalina.core.ApplicationContext.log HTMLManager: undeploy: Undeploying web application at '/ImagePreprocessing'
09-May-2017 19:52:11.879 INFO [http-nio-8080-exec-15] org.apache.catalina.core.ApplicationContext.log HTMLManager: list: Listing contexts for virtual host 'localhost'
09-May-2017 19:52:12.096 INFO [http-nio-8080-exec-14] org.apache.catalina.core.ApplicationContext.log HTMLManager: undeploy: Undeploying web application at '/ImagePreprocessing'
09-May-2017 19:52:12.102 INFO [http-nio-8080-exec-14] org.apache.catalina.core.ApplicationContext.log HTMLManager: list: Listing contexts for virtual host 'localhost'
09-May-2017 19:52:12.587 INFO [http-nio-8080-exec-18] org.apache.catalina.core.ApplicationContext.log HTMLManager: undeploy: Undeploying web application at '/ImagePreprocessing'
09-May-2017 19:52:12.592 INFO [http-nio-8080-exec-18] org.apache.catalina.core.ApplicationContext.log HTMLManager: list: Listing contexts for virtual host 'localhost'
09-May-2017 19:52:12.788 INFO [http-nio-8080-exec-19] org.apache.catalina.core.ApplicationContext.log HTMLManager: undeploy: Undeploying web application at '/ImagePreprocessing'
09-May-2017 19:52:12.794 INFO [http-nio-8080-exec-19] org.apache.catalina.core.ApplicationContext.log HTMLManager: list: Listing contexts for virtual host 'localhost'
09-May-2017 19:52:12.982 INFO [http-nio-8080-exec-11] org.apache.catalina.core.ApplicationContext.log HTMLManager: undeploy: Undeploying web application at '/ImagePreprocessing'
09-May-2017 19:52:12.986 INFO [http-nio-8080-exec-11] org.apache.catalina.core.ApplicationContext.log HTMLManager: list: Listing contexts for virtual host 'localhost'
09-May-2017 19:52:13.195 INFO [http-nio-8080-exec-12] org.apache.catalina.core.ApplicationContext.log HTMLManager: undeploy: Undeploying web application at '/ImagePreprocessing'
09-May-2017 19:52:13.201 INFO [http-nio-8080-exec-12] org.apache.catalina.core.ApplicationContext.log HTMLManager: list: Listing contexts for virtual host 'localhost'
09-May-2017 19:52:13.398 INFO [http-nio-8080-exec-20] org.apache.catalina.core.ApplicationContext.log HTMLManager: undeploy: Undeploying web application at '/ImagePreprocessing'
09-May-2017 19:52:13.403 INFO [http-nio-8080-exec-20] org.apache.catalina.core.ApplicationContext.log HTMLManager: list: Listing contexts for virtual host 'localhost'
09-May-2017 19:52:13.602 INFO [http-nio-8080-exec-22] org.apache.catalina.core.ApplicationContext.log HTMLManager: undeploy: Undeploying web application at '/ImagePreprocessing'
09-May-2017 19:52:13.605 INFO [http-nio-8080-exec-22] org.apache.catalina.core.ApplicationContext.log HTMLManager: list: Listing contexts for virtual host 'localhost'
09-May-2017 19:52:13.805 INFO [http-nio-8080-exec-16] org.apache.catalina.core.ApplicationContext.log HTMLManager: undeploy: Undeploying web application at '/ImagePreprocessing'
09-May-2017 19:52:13.811 INFO [http-nio-8080-exec-16] org.apache.catalina.core.ApplicationContext.log HTMLManager: list: Listing contexts for virtual host 'localhost'
09-May-2017 19:52:14.031 INFO [http-nio-8080-exec-23] org.apache.catalina.core.ApplicationContext.log HTMLManager: undeploy: Undeploying web application at '/ImagePreprocessing'
09-May-2017 19:52:14.038 INFO [http-nio-8080-exec-23] org.apache.catalina.core.ApplicationContext.log HTMLManager: list: Listing contexts for virtual host 'localhost'
09-May-2017 19:52:14.300 INFO [http-nio-8080-exec-15] org.apache.catalina.core.ApplicationContext.log HTMLManager: undeploy: Undeploying web application at '/ImagePreprocessing'
09-May-2017 19:52:14.308 INFO [http-nio-8080-exec-15] org.apache.catalina.core.ApplicationContext.log HTMLManager: list: Listing contexts for virtual host 'localhost'
09-May-2017 19:52:14.556 INFO [http-nio-8080-exec-14] org.apache.catalina.core.ApplicationContext.log HTMLManager: undeploy: Undeploying web application at '/ImagePreprocessing'
09-May-2017 19:52:14.562 INFO [http-nio-8080-exec-14] org.apache.catalina.core.ApplicationContext.log HTMLManager: list: Listing contexts for virtual host 'localhost'
09-May-2017 19:52:14.797 INFO [http-nio-8080-exec-24] org.apache.catalina.core.ApplicationContext.log HTMLManager: undeploy: Undeploying web application at '/ImagePreprocessing'
09-May-2017 19:52:14.801 INFO [http-nio-8080-exec-24] org.apache.catalina.core.ApplicationContext.log HTMLManager: list: Listing contexts for virtual host 'localhost'
09-May-2017 19:52:15.022 INFO [http-nio-8080-exec-19] org.apache.catalina.core.ApplicationContext.log HTMLManager: undeploy: Undeploying web application at '/ImagePreprocessing'
09-May-2017 19:52:15.027 INFO [http-nio-8080-exec-19] org.apache.catalina.core.ApplicationContext.log HTMLManager: list: Listing contexts for virtual host 'localhost'
09-May-2017 19:52:15.247 INFO [http-nio-8080-exec-11] org.apache.catalina.core.ApplicationContext.log HTMLManager: undeploy: Undeploying web application at '/ImagePreprocessing'
09-May-2017 19:52:15.250 INFO [http-nio-8080-exec-11] org.apache.catalina.core.ApplicationContext.log HTMLManager: list: Listing contexts for virtual host 'localhost'
09-May-2017 19:52:15.510 INFO [http-nio-8080-exec-12] org.apache.catalina.core.ApplicationContext.log HTMLManager: undeploy: Undeploying web application at '/ImagePreprocessing'
09-May-2017 19:52:15.516 INFO [http-nio-8080-exec-12] org.apache.catalina.core.ApplicationContext.log HTMLManager: list: Listing contexts for virtual host 'localhost'
09-May-2017 19:52:15.725 INFO [http-nio-8080-exec-20] org.apache.catalina.core.ApplicationContext.log HTMLManager: undeploy: Undeploying web application at '/ImagePreprocessing'
09-May-2017 19:52:15.728 INFO [http-nio-8080-exec-20] org.apache.catalina.core.ApplicationContext.log HTMLManager: list: Listing contexts for virtual host 'localhost'
09-May-2017 19:52:15.940 INFO [http-nio-8080-exec-22] org.apache.catalina.core.ApplicationContext.log HTMLManager: undeploy: Undeploying web application at '/ImagePreprocessing'
09-May-2017 19:52:15.946 INFO [http-nio-8080-exec-22] org.apache.catalina.core.ApplicationContext.log HTMLManager: list: Listing contexts for virtual host 'localhost'
09-May-2017 19:52:16.152 INFO [http-nio-8080-exec-25] org.apache.catalina.core.ApplicationContext.log HTMLManager: undeploy: Undeploying web application at '/ImagePreprocessing'
09-May-2017 19:52:16.157 INFO [http-nio-8080-exec-25] org.apache.catalina.core.ApplicationContext.log HTMLManager: list: Listing contexts for virtual host 'localhost'
09-May-2017 19:52:25.359 INFO [http-nio-8080-exec-15] org.apache.catalina.core.ApplicationContext.log HTMLManager: list: Listing contexts for virtual host 'localhost'
09-May-2017 19:52:26.824 INFO [http-nio-8080-exec-14] org.apache.catalina.core.ApplicationContext.log HTMLManager: undeploy: Undeploying web application at '/ImagePreprocessing'
09-May-2017 19:52:26.827 INFO [http-nio-8080-exec-14] org.apache.catalina.core.ApplicationContext.log HTMLManager: list: Listing contexts for virtual host 'localhost'
09-May-2017 19:52:27.959 INFO [http-nio-8080-exec-24] org.apache.catalina.core.ApplicationContext.log HTMLManager: undeploy: Undeploying web application at '/ImagePreprocessing'
09-May-2017 19:52:27.964 INFO [http-nio-8080-exec-24] org.apache.catalina.core.ApplicationContext.log HTMLManager: list: Listing contexts for virtual host 'localhost'
09-May-2017 19:52:28.143 INFO [http-nio-8080-exec-26] org.apache.catalina.core.ApplicationContext.log HTMLManager: undeploy: Undeploying web application at '/ImagePreprocessing'
09-May-2017 19:52:28.148 INFO [http-nio-8080-exec-26] org.apache.catalina.core.ApplicationContext.log HTMLManager: list: Listing contexts for virtual host 'localhost'
09-May-2017 19:52:28.323 INFO [http-nio-8080-exec-11] org.apache.catalina.core.ApplicationContext.log HTMLManager: undeploy: Undeploying web application at '/ImagePreprocessing'
09-May-2017 19:52:28.330 INFO [http-nio-8080-exec-11] org.apache.catalina.core.ApplicationContext.log HTMLManager: list: Listing contexts for virtual host 'localhost'
09-May-2017 19:52:28.494 INFO [http-nio-8080-exec-12] org.apache.catalina.core.ApplicationContext.log HTMLManager: undeploy: Undeploying web application at '/ImagePreprocessing'
09-May-2017 19:52:28.501 INFO [http-nio-8080-exec-12] org.apache.catalina.core.ApplicationContext.log HTMLManager: list: Listing contexts for virtual host 'localhost'
09-May-2017 19:52:28.678 INFO [http-nio-8080-exec-20] org.apache.catalina.core.ApplicationContext.log HTMLManager: undeploy: Undeploying web application at '/ImagePreprocessing'
09-May-2017 19:52:28.684 INFO [http-nio-8080-exec-20] org.apache.catalina.core.ApplicationContext.log HTMLManager: list: Listing contexts for virtual host 'localhost'
09-May-2017 19:52:28.910 INFO [http-nio-8080-exec-22] org.apache.catalina.core.ApplicationContext.log HTMLManager: undeploy: Undeploying web application at '/ImagePreprocessing'
09-May-2017 19:52:28.914 INFO [http-nio-8080-exec-22] org.apache.catalina.core.ApplicationContext.log HTMLManager: list: Listing contexts for virtual host 'localhost'
09-May-2017 19:52:29.071 INFO [http-nio-8080-exec-25] org.apache.catalina.core.ApplicationContext.log HTMLManager: undeploy: Undeploying web application at '/ImagePreprocessing'
09-May-2017 19:52:29.078 INFO [http-nio-8080-exec-25] org.apache.catalina.core.ApplicationContext.log HTMLManager: list: Listing contexts for virtual host 'localhost'
09-May-2017 19:53:37.854 INFO [http-nio-8080-exec-5] org.apache.catalina.core.ApplicationContext.log HTMLManager: init: Associated with Deployer 'Catalina:type=Deployer,host=localhost'
09-May-2017 19:53:37.854 INFO [http-nio-8080-exec-5] org.apache.catalina.core.ApplicationContext.log HTMLManager: init: Global resources are available
09-May-2017 19:53:37.868 INFO [http-nio-8080-exec-5] org.apache.catalina.core.ApplicationContext.log HTMLManager: list: Listing contexts for virtual host 'localhost'
09-May-2017 19:53:40.323 INFO [http-nio-8080-exec-6] org.apache.catalina.core.ApplicationContext.log HTMLManager: undeploy: Undeploying web application at '/ImagePreprocessing'
09-May-2017 19:53:40.860 INFO [http-nio-8080-exec-6] org.apache.catalina.core.ApplicationContext.log HTMLManager: list: Listing contexts for virtual host 'localhost'
09-May-2017 19:54:16.624 INFO [http-nio-8080-exec-7] org.apache.catalina.core.ApplicationContext.log HTMLManager: list: Listing contexts for virtual host 'localhost'
09-May-2017 19:55:55.454 INFO [http-nio-8080-exec-13] org.apache.catalina.core.ApplicationContext.log HTMLManager: undeploy: Undeploying web application at '/ImagePreprocessing'
09-May-2017 19:55:55.504 INFO [http-nio-8080-exec-13] org.apache.catalina.core.ApplicationContext.log HTMLManager: list: Listing contexts for virtual host 'localhost'
09-May-2017 19:55:56.784 INFO [http-nio-8080-exec-16] org.apache.catalina.core.ApplicationContext.log HTMLManager: undeploy: Undeploying web application at '/ImagePreprocessing'
09-May-2017 19:55:56.792 INFO [http-nio-8080-exec-16] org.apache.catalina.core.ApplicationContext.log HTMLManager: list: Listing contexts for virtual host 'localhost'
09-May-2017 19:55:57.870 INFO [http-nio-8080-exec-11] org.apache.catalina.core.ApplicationContext.log HTMLManager: undeploy: Undeploying web application at '/ImagePreprocessing'
09-May-2017 19:55:57.877 INFO [http-nio-8080-exec-11] org.apache.catalina.core.ApplicationContext.log HTMLManager: list: Listing contexts for virtual host 'localhost'
09-May-2017 19:55:58.089 INFO [http-nio-8080-exec-12] org.apache.catalina.core.ApplicationContext.log HTMLManager: undeploy: Undeploying web application at '/ImagePreprocessing'
09-May-2017 19:55:58.097 INFO [http-nio-8080-exec-12] org.apache.catalina.core.ApplicationContext.log HTMLManager: list: Listing contexts for virtual host 'localhost'
09-May-2017 19:55:58.279 INFO [http-nio-8080-exec-10] org.apache.catalina.core.ApplicationContext.log HTMLManager: undeploy: Undeploying web application at '/ImagePreprocessing'
09-May-2017 19:55:58.285 INFO [http-nio-8080-exec-10] org.apache.catalina.core.ApplicationContext.log HTMLManager: list: Listing contexts for virtual host 'localhost'
09-May-2017 19:55:58.502 INFO [http-nio-8080-exec-1] org.apache.catalina.core.ApplicationContext.log HTMLManager: undeploy: Undeploying web application at '/ImagePreprocessing'
09-May-2017 19:55:58.505 INFO [http-nio-8080-exec-1] org.apache.catalina.core.ApplicationContext.log HTMLManager: list: Listing contexts for virtual host 'localhost'
09-May-2017 19:55:58.774 INFO [http-nio-8080-exec-2] org.apache.catalina.core.ApplicationContext.log HTMLManager: undeploy: Undeploying web application at '/ImagePreprocessing'
09-May-2017 19:55:58.779 INFO [http-nio-8080-exec-2] org.apache.catalina.core.ApplicationContext.log HTMLManager: list: Listing contexts for virtual host 'localhost'
09-May-2017 19:55:58.955 INFO [http-nio-8080-exec-15] org.apache.catalina.core.ApplicationContext.log HTMLManager: undeploy: Undeploying web application at '/ImagePreprocessing'
09-May-2017 19:55:58.961 INFO [http-nio-8080-exec-15] org.apache.catalina.core.ApplicationContext.log HTMLManager: list: Listing contexts for virtual host 'localhost'
09-May-2017 19:56:40.805 INFO [http-nio-8080-exec-2] org.apache.catalina.core.ApplicationContext.log HTMLManager: init: Associated with Deployer 'Catalina:type=Deployer,host=localhost'
09-May-2017 19:56:40.805 INFO [http-nio-8080-exec-2] org.apache.catalina.core.ApplicationContext.log HTMLManager: init: Global resources are available
09-May-2017 19:56:40.817 INFO [http-nio-8080-exec-2] org.apache.catalina.core.ApplicationContext.log HTMLManager: list: Listing contexts for virtual host 'localhost'
09-May-2017 19:56:42.627 INFO [http-nio-8080-exec-3] org.apache.catalina.core.ApplicationContext.log HTMLManager: undeploy: Undeploying web application at '/ImagePreprocessing'
09-May-2017 19:56:43.169 INFO [http-nio-8080-exec-3] org.apache.catalina.core.ApplicationContext.log HTMLManager: list: Listing contexts for virtual host 'localhost'
09-May-2017 19:57:11.342 INFO [http-nio-8080-exec-2] org.apache.catalina.core.ApplicationContext.log HTMLManager: list: Listing contexts for virtual host 'localhost'
